Vivado Simulator 2020.2
Time resolution is 1 ps
xxxx
error:0000
0000
error:0000
0001
error:0000
0010
error:0000
0100
error:0000
1000
error:0000
0001
error:0000
0010
error:0000
0100
error:0100
1000
error:1000
0001
error:0011
0010
error:0000
0100
error:0100
1000
error:1000
0001
error:0001
0010
error:0000
0100
error:0100
1000
error:1000
0001
error:0001
0010
error:0000
0100
error:0000
1000
error:0000
0001
error:0000
0010
error:0000
$finish called at time : 240 ns : File "D:/LogicDesignExperiment/LAB03_1021/Problem_2_4/Problem_2_4.srcs/sources_1/new/Lab3_Round_Robin_Arbiter_tb.v" Line 169
