#-----------------------------------------------------------
# Vivado v2020.2 (64-bit)
# SW Build 3064766 on Wed Nov 18 09:12:45 MST 2020
# IP Build 3064653 on Wed Nov 18 14:17:31 MST 2020
# Start of session at: Fri Sep 24 04:18:38 2021
# Process ID: 10252
# Current directory: C:/home/Lab1
# Command line: vivado.exe -gui_launcher_event rodinguilauncherevent7496 C:\home\Lab1\Lab1.xpr
# Log file: C:/home/Lab1/vivado.log
# Journal file: C:/home/Lab1\vivado.jou
#-----------------------------------------------------------
start_gui
open_project C:/home/Lab1/Lab1.xpr
WARNING: [filemgmt 56-3] Default IP Output Path : Could not find the directory 'C:/home/Lab1/Lab1.gen/sources_1'.
Scanning sources...
Finished scanning sources
INFO: [IP_Flow 19-234] Refreshing IP repositories
INFO: [IP_Flow 19-1704] No user IP repositories specified
INFO: [IP_Flow 19-2313] Loaded Vivado IP repository 'C:/Xilinx/Vivado/2020.2/data/ip'.
update_compile_order -fileset sources_1
exit
INFO: [Common 17-206] Exiting Vivado at Fri Sep 24 05:03:52 2021...
