#-----------------------------------------------------------
# Vivado v2020.2 (64-bit)
# SW Build 3064766 on Wed Nov 18 09:12:45 MST 2020
# IP Build 3064653 on Wed Nov 18 14:17:31 MST 2020
# Start of session at: Thu Dec 16 03:47:14 2021
# Process ID: 16268
# Current directory: D:/LogicDesignExperiment/LAB06_1202/Slot_Machine_fpga
# Command line: vivado.exe -gui_launcher_event rodinguilauncherevent1780 D:\LogicDesignExperiment\LAB06_1202\Slot_Machine_fpga\Slot_Machine_fpga.xpr
# Log file: D:/LogicDesignExperiment/LAB06_1202/Slot_Machine_fpga/vivado.log
# Journal file: D:/LogicDesignExperiment/LAB06_1202/Slot_Machine_fpga\vivado.jou
#-----------------------------------------------------------
start_gui
open_project D:/LogicDesignExperiment/LAB06_1202/Slot_Machine_fpga/Slot_Machine_fpga.xpr
Scanning sources...
Finished scanning sources
INFO: [IP_Flow 19-234] Refreshing IP repositories
INFO: [IP_Flow 19-1704] No user IP repositories specified
INFO: [IP_Flow 19-2313] Loaded Vivado IP repository 'C:/Xilinx/Vivado/2020.2/data/ip'.
open_project: Time (s): cpu = 00:00:18 ; elapsed = 00:00:08 . Memory (MB): peak = 1017.570 ; gain = 0.000
update_compile_order -fileset sources_1
exit
INFO: [Common 17-206] Exiting Vivado at Thu Dec 16 03:50:36 2021...
