#-----------------------------------------------------------
# Vivado v2020.2 (64-bit)
# SW Build 3064766 on Wed Nov 18 09:12:45 MST 2020
# IP Build 3064653 on Wed Nov 18 14:17:31 MST 2020
# Start of session at: Thu Oct 28 16:06:56 2021
# Process ID: 22484
# Current directory: D:/LogicDesignExperiment/LAB03_1021/Problem_2_4
# Command line: vivado.exe -gui_launcher_event rodinguilauncherevent12376 D:\LogicDesignExperiment\LAB03_1021\Problem_2_4\Problem_2_4.xpr
# Log file: D:/LogicDesignExperiment/LAB03_1021/Problem_2_4/vivado.log
# Journal file: D:/LogicDesignExperiment/LAB03_1021/Problem_2_4\vivado.jou
#-----------------------------------------------------------
start_gui
open_project D:/LogicDesignExperiment/LAB03_1021/Problem_2_4/Problem_2_4.xpr
WARNING: [filemgmt 56-3] Default IP Output Path : Could not find the directory 'D:/LogicDesignExperiment/LAB03_1021/Problem_2_4/Problem_2_4.gen/sources_1'.
Scanning sources...
Finished scanning sources
INFO: [IP_Flow 19-234] Refreshing IP repositories
INFO: [IP_Flow 19-1704] No user IP repositories specified
INFO: [IP_Flow 19-2313] Loaded Vivado IP repository 'C:/Xilinx/Vivado/2020.2/data/ip'.
open_project: Time (s): cpu = 00:00:11 ; elapsed = 00:00:05 . Memory (MB): peak = 1015.867 ; gain = 0.000
update_compile_order -fileset sources_1
exit
INFO: [Common 17-206] Exiting Vivado at Thu Oct 28 18:13:26 2021...
