#-----------------------------------------------------------
# Vivado v2020.2 (64-bit)
# SW Build 3064766 on Wed Nov 18 09:12:45 MST 2020
# IP Build 3064653 on Wed Nov 18 14:17:31 MST 2020
# Start of session at: Fri Oct 15 01:28:35 2021
# Process ID: 1924
# Current directory: D:/LogicDesignExperiment/LAB02_1007/LAB2_FPGA
# Command line: vivado.exe -gui_launcher_event rodinguilauncherevent15444 D:\LogicDesignExperiment\LAB02_1007\LAB2_FPGA\LAB2_FPGA.xpr
# Log file: D:/LogicDesignExperiment/LAB02_1007/LAB2_FPGA/vivado.log
# Journal file: D:/LogicDesignExperiment/LAB02_1007/LAB2_FPGA\vivado.jou
#-----------------------------------------------------------
start_gui
open_project D:/LogicDesignExperiment/LAB02_1007/LAB2_FPGA/LAB2_FPGA.xpr
WARNING: [filemgmt 56-3] Default IP Output Path : Could not find the directory 'D:/LogicDesignExperiment/LAB02_1007/LAB2_FPGA/LAB2_FPGA.gen/sources_1'.
Scanning sources...
Finished scanning sources
INFO: [IP_Flow 19-234] Refreshing IP repositories
INFO: [IP_Flow 19-1704] No user IP repositories specified
INFO: [IP_Flow 19-2313] Loaded Vivado IP repository 'C:/Xilinx/Vivado/2020.2/data/ip'.
open_project: Time (s): cpu = 00:00:17 ; elapsed = 00:00:06 . Memory (MB): peak = 1015.449 ; gain = 0.000
update_compile_order -fileset sources_1
exit
INFO: [Common 17-206] Exiting Vivado at Fri Oct 15 02:14:47 2021...
