#-----------------------------------------------------------
# Vivado v2020.2 (64-bit)
# SW Build 3064766 on Wed Nov 18 09:12:45 MST 2020
# IP Build 3064653 on Wed Nov 18 14:17:31 MST 2020
# Start of session at: Thu Oct 14 19:52:15 2021
# Process ID: 22320
# Current directory: D:/LogicDesignExperiment/LAB02_1007/BASIC+Q1
# Command line: vivado.exe -gui_launcher_event rodinguilauncherevent19296 D:\LogicDesignExperiment\LAB02_1007\BASIC+Q1\LAB02_1007.xpr
# Log file: D:/LogicDesignExperiment/LAB02_1007/BASIC+Q1/vivado.log
# Journal file: D:/LogicDesignExperiment/LAB02_1007/BASIC+Q1\vivado.jou
#-----------------------------------------------------------
start_gui
open_project D:/LogicDesignExperiment/LAB02_1007/BASIC+Q1/LAB02_1007.xpr
INFO: [Project 1-313] Project file moved from 'D:/LogicDesignExperiment/LAB02_1007' since last save.
WARNING: [filemgmt 56-2] Default IP Output Path : Could not find the directory 'D:/LogicDesignExperiment/LAB02_1007/BASIC+Q1/LAB02_1007.gen/sources_1', nor could it be found using path 'D:/LogicDesignExperiment/LAB02_1007/LAB02_1007.gen/sources_1'.
WARNING: [Project 1-312] File not found as 'D:/LogicDesignExperiment/LAB02_1007/BASIC+Q1/THINGS/Lab2_NAND_Implement.v'; using path 'D:/LogicDesignExperiment/LAB02_1007/THINGS/Lab2_NAND_Implement.v' instead.
WARNING: [Project 1-312] File not found as 'D:/LogicDesignExperiment/LAB02_1007/BASIC+Q1/THINGS/NAND_Implement_t.v'; using path 'D:/LogicDesignExperiment/LAB02_1007/THINGS/NAND_Implement_t.v' instead.
WARNING: [Project 1-312] File not found as 'D:/LogicDesignExperiment/LAB02_1007/BASIC+Q1/THINGS/Majority_t.v'; using path 'D:/LogicDesignExperiment/LAB02_1007/THINGS/Majority_t.v' instead.
WARNING: [Project 1-312] File not found as 'D:/LogicDesignExperiment/LAB02_1007/BASIC+Q1/THINGS/Lab2_Majority.v'; using path 'D:/LogicDesignExperiment/LAB02_1007/THINGS/Lab2_Majority.v' instead.
WARNING: [Project 1-312] File not found as 'D:/LogicDesignExperiment/LAB02_1007/BASIC+Q1/THINGS/Lab2_Adders.v'; using path 'D:/LogicDesignExperiment/LAB02_1007/THINGS/Lab2_Adders.v' instead.
WARNING: [Project 1-312] File not found as 'D:/LogicDesignExperiment/LAB02_1007/BASIC+Q1/THINGS/Adders_t.v'; using path 'D:/LogicDesignExperiment/LAB02_1007/THINGS/Adders_t.v' instead.
WARNING: [Project 1-312] File not found as 'D:/LogicDesignExperiment/LAB02_1007/BASIC+Q1/THINGS/Lab2_TeamX_Ripple_Carry_Adder.v'; using path 'D:/LogicDesignExperiment/LAB02_1007/THINGS/Lab2_TeamX_Ripple_Carry_Adder.v' instead.
Scanning sources...
Finished scanning sources
INFO: [IP_Flow 19-234] Refreshing IP repositories
INFO: [IP_Flow 19-1704] No user IP repositories specified
INFO: [IP_Flow 19-2313] Loaded Vivado IP repository 'C:/Xilinx/Vivado/2020.2/data/ip'.
update_compile_order -fileset sources_1
launch_simulation
Command: launch_simulation 
INFO: [Vivado 12-5682] Launching behavioral simulation in 'D:/LogicDesignExperiment/LAB02_1007/BASIC+Q1/LAB02_1007.sim/sim_1/behav/xsim'
INFO: [SIM-utils-51] Simulation object is 'sim_1'
INFO: [SIM-utils-54] Inspecting design source files for 'Lab2_TeamX_Ripple_Carry_Adder_t' in fileset 'sim_1'...
INFO: [USF-XSim-97] Finding global include files...
INFO: [USF-XSim-98] Fetching design files from 'sim_1'...
INFO: [USF-XSim-2] XSim::Compile design
INFO: [USF-XSim-61] Executing 'COMPILE and ANALYZE' step in 'D:/LogicDesignExperiment/LAB02_1007/BASIC+Q1/LAB02_1007.sim/sim_1/behav/xsim'
"xvlog --incr --relax -prj Lab2_TeamX_Ripple_Carry_Adder_t_vlog.prj"
INFO: [VRFC 10-2263] Analyzing Verilog file "D:/LogicDesignExperiment/LAB02_1007/BASIC+Q1/LAB02_1007.srcs/sources_1/new/Lab2_TeamX_Ripple_Carry_Adder_t.v" into library xil_defaultlib
INFO: [VRFC 10-311] analyzing module Lab2_TeamX_Ripple_Carry_Adder_t
INFO: [VRFC 10-2263] Analyzing Verilog file "D:/LogicDesignExperiment/LAB02_1007/BASIC+Q1/LAB02_1007.sim/sim_1/behav/xsim/glbl.v" into library xil_defaultlib
INFO: [VRFC 10-311] analyzing module glbl
INFO: [USF-XSim-69] 'compile' step finished in '1' seconds
INFO: [USF-XSim-3] XSim::Elaborate design
INFO: [USF-XSim-61] Executing 'ELABORATE' step in 'D:/LogicDesignExperiment/LAB02_1007/BASIC+Q1/LAB02_1007.sim/sim_1/behav/xsim'
"xelab -wto 0d25569c7a504573937a2441aaecfec1 --incr --debug typical --relax --mt 2 -L xil_defaultlib -L unisims_ver -L unimacro_ver -L secureip --snapshot Lab2_TeamX_Ripple_Carry_Adder_t_behav xil_defaultlib.Lab2_TeamX_Ripple_Carry_Adder_t xil_defaultlib.glbl -log elaborate.log"
Vivado Simulator 2020.2
Copyright 1986-1999, 2001-2020 Xilinx, Inc. All Rights Reserved.
Running: C:/Xilinx/Vivado/2020.2/bin/unwrapped/win64.o/xelab.exe -wto 0d25569c7a504573937a2441aaecfec1 --incr --debug typical --relax --mt 2 -L xil_defaultlib -L unisims_ver -L unimacro_ver -L secureip --snapshot Lab2_TeamX_Ripple_Carry_Adder_t_behav xil_defaultlib.Lab2_TeamX_Ripple_Carry_Adder_t xil_defaultlib.glbl -log elaborate.log 
Using 2 slave threads.
Starting static elaboration
Pass Through NonSizing Optimizer
Completed static elaboration
Starting simulation data flow analysis
Completed simulation data flow analysis
Time Resolution for simulation is 1ps
Compiling module xil_defaultlib.NOT
Compiling module xil_defaultlib.AND
Compiling module xil_defaultlib.OR
Compiling module xil_defaultlib.XOR
Compiling module xil_defaultlib.Majority
Compiling module xil_defaultlib.Full_Adder
Compiling module xil_defaultlib.Ripple_Carry_Adder
Compiling module xil_defaultlib.Lab2_TeamX_Ripple_Carry_Adder_t
Compiling module xil_defaultlib.glbl
Built simulation snapshot Lab2_TeamX_Ripple_Carry_Adder_t_behav

****** Webtalk v2020.2 (64-bit)
  **** SW Build 3064766 on Wed Nov 18 09:12:45 MST 2020
  **** IP Build 3064653 on Wed Nov 18 14:17:31 MST 2020
    ** Copyright 1986-2020 Xilinx, Inc. All Rights Reserved.

source D:/LogicDesignExperiment/LAB02_1007/BASIC+Q1/LAB02_1007.sim/sim_1/behav/xsim/xsim.dir/Lab2_TeamX_Ripple_Carry_Adder_t_behav/webtalk/xsim_webtalk.tcl -notrace
INFO: [Common 17-186] 'D:/LogicDesignExperiment/LAB02_1007/BASIC+Q1/LAB02_1007.sim/sim_1/behav/xsim/xsim.dir/Lab2_TeamX_Ripple_Carry_Adder_t_behav/webtalk/usage_statistics_ext_xsim.xml' has been successfully sent to Xilinx on Thu Oct 14 19:53:56 2021. For additional details about this file, please refer to the WebTalk help file at C:/Xilinx/Vivado/2020.2/doc/webtalk_introduction.html.
INFO: [Common 17-206] Exiting Webtalk at Thu Oct 14 19:53:56 2021...
run_program: Time (s): cpu = 00:00:00 ; elapsed = 00:00:05 . Memory (MB): peak = 1016.969 ; gain = 0.000
INFO: [USF-XSim-69] 'elaborate' step finished in '5' seconds
INFO: [USF-XSim-4] XSim::Simulate design
INFO: [USF-XSim-61] Executing 'SIMULATE' step in 'D:/LogicDesignExperiment/LAB02_1007/BASIC+Q1/LAB02_1007.sim/sim_1/behav/xsim'
INFO: [USF-XSim-98] *** Running xsim
   with args "Lab2_TeamX_Ripple_Carry_Adder_t_behav -key {Behavioral:sim_1:Functional:Lab2_TeamX_Ripple_Carry_Adder_t} -tclbatch {Lab2_TeamX_Ripple_Carry_Adder_t.tcl} -log {simulate.log}"
INFO: [USF-XSim-8] Loading simulator feature
Vivado Simulator 2020.2
Time resolution is 1 ps
source Lab2_TeamX_Ripple_Carry_Adder_t.tcl
# set curr_wave [current_wave_config]
# if { [string length $curr_wave] == 0 } {
#   if { [llength [get_objects]] > 0} {
#     add_wave /
#     set_property needs_save false [current_wave_config]
#   } else {
#      send_msg_id Add_Wave-1 WARNING "No top level signals found. Simulator will start without a wave window. If you want to open a wave window go to 'File->New Waveform Configuration' or type 'create_wave_config' in the TCL console."
#   }
# }
# run 1000ns
$finish called at time : 66 ns : File "D:/LogicDesignExperiment/LAB02_1007/BASIC+Q1/LAB02_1007.srcs/sources_1/new/Lab2_TeamX_Ripple_Carry_Adder_t.v" Line 44
INFO: [USF-XSim-96] XSim completed. Design snapshot 'Lab2_TeamX_Ripple_Carry_Adder_t_behav' loaded.
INFO: [USF-XSim-97] XSim simulation ran for 1000ns
launch_simulation: Time (s): cpu = 00:00:10 ; elapsed = 00:00:10 . Memory (MB): peak = 1016.969 ; gain = 0.000
close_sim
INFO: [Simtcl 6-16] Simulation closed
close_sim: Time (s): cpu = 00:00:01 ; elapsed = 00:00:05 . Memory (MB): peak = 1016.969 ; gain = 0.000
exit
INFO: [Common 17-206] Exiting Vivado at Thu Oct 14 20:14:55 2021...
