#-----------------------------------------------------------
# Vivado v2020.2 (64-bit)
# SW Build 3064766 on Wed Nov 18 09:12:45 MST 2020
# IP Build 3064653 on Wed Nov 18 14:17:31 MST 2020
# Start of session at: Fri Oct 15 02:26:03 2021
# Process ID: 1216
# Current directory: D:/LogicDesignExperiment/LAB02_1007/BASIC+Q1
# Command line: vivado.exe -gui_launcher_event rodinguilauncherevent21628 D:\LogicDesignExperiment\LAB02_1007\BASIC+Q1\LAB02_1007.xpr
# Log file: D:/LogicDesignExperiment/LAB02_1007/BASIC+Q1/vivado.log
# Journal file: D:/LogicDesignExperiment/LAB02_1007/BASIC+Q1\vivado.jou
#-----------------------------------------------------------
start_gui
open_project D:/LogicDesignExperiment/LAB02_1007/BASIC+Q1/LAB02_1007.xpr
WARNING: [filemgmt 56-3] Default IP Output Path : Could not find the directory 'D:/LogicDesignExperiment/LAB02_1007/BASIC+Q1/LAB02_1007.gen/sources_1'.
CRITICAL WARNING: [Project 1-19] Could not find the file 'D:/LogicDesignExperiment/LAB02_1007/THINGS/Lab2_TeamX_Ripple_Carry_Adder.v'.
Scanning sources...
Finished scanning sources
INFO: [IP_Flow 19-234] Refreshing IP repositories
INFO: [IP_Flow 19-1704] No user IP repositories specified
INFO: [IP_Flow 19-2313] Loaded Vivado IP repository 'C:/Xilinx/Vivado/2020.2/data/ip'.
update_compile_order -fileset sources_1
add_files -norecurse D:/LogicDesignExperiment/LAB02_1007/BASIC+Q1/Lab2_TeamX_Ripple_Carry_Adder.v
update_compile_order -fileset sources_1
exit
INFO: [Common 17-206] Exiting Vivado at Fri Oct 15 02:26:59 2021...
