Copyright 1986-2020 Xilinx, Inc. All Rights Reserved.
------------------------------------------------------------------------------------
| Tool Version : Vivado v.2020.2 (win64) Build 3064766 Wed Nov 18 09:12:45 MST 2020
| Date         : Thu Dec 23 15:42:22 2021
| Host         : DESKTOP-P0B4VES running 64-bit major release  (build 9200)
| Command      : report_control_sets -verbose -file Top_control_sets_placed.rpt
| Design       : Top
| Device       : xc7a35t
------------------------------------------------------------------------------------

Control Set Information

Table of Contents
-----------------
1. Summary
2. Histogram
3. Flip-Flop Distribution
4. Detailed Control Set Information

1. Summary
----------

+----------------------------------------------------------+-------+
|                          Status                          | Count |
+----------------------------------------------------------+-------+
| Total control sets                                       |     7 |
|    Minimum number of control sets                        |     7 |
|    Addition due to synthesis replication                 |     0 |
|    Addition due to physical synthesis replication        |     0 |
| Unused register locations in slices containing registers |    28 |
+----------------------------------------------------------+-------+
* Control sets can be merged at opt_design using control_set_merge or merge_equivalent_drivers
** Run report_qor_suggestions for automated merging and remapping suggestions


2. Histogram
------------

+--------------------+-------+
|       Fanout       | Count |
+--------------------+-------+
| Total control sets |     7 |
| >= 0 to < 4        |     3 |
| >= 4 to < 6        |     0 |
| >= 6 to < 8        |     1 |
| >= 8 to < 10       |     1 |
| >= 10 to < 12      |     0 |
| >= 12 to < 14      |     0 |
| >= 14 to < 16      |     0 |
| >= 16              |     2 |
+--------------------+-------+
* Control sets can be remapped at either synth_design or opt_design


3. Flip-Flop Distribution
-------------------------

+--------------+-----------------------+------------------------+-----------------+--------------+
| Clock Enable | Synchronous Set/Reset | Asynchronous Set/Reset | Total Registers | Total Slices |
+--------------+-----------------------+------------------------+-----------------+--------------+
| No           | No                    | No                     |              11 |            7 |
| No           | No                    | Yes                    |              52 |           16 |
| No           | Yes                   | No                     |               8 |            3 |
| Yes          | No                    | No                     |               0 |            0 |
| Yes          | No                    | Yes                    |               1 |            1 |
| Yes          | Yes                   | No                     |              20 |            4 |
+--------------+-----------------------+------------------------+-----------------+--------------+


4. Detailed Control Set Information
-----------------------------------

+----------------+------------------------+-----------------------+------------------+----------------+--------------+
|  Clock Signal  |      Enable Signal     |    Set/Reset Signal   | Slice Load Count | Bel Load Count | Bels / Slice |
+----------------+------------------------+-----------------------+------------------+----------------+--------------+
|  B/clk1/CLK    |                        | d0/rst_pb             |                1 |              1 |         1.00 |
|  clk_IBUF_BUFG | B/u1/trig0             | d0/rst_pb             |                1 |              1 |         1.00 |
|  B/clk1/CLK    |                        |                       |                2 |              3 |         1.50 |
|  clk_IBUF_BUFG |                        | B/clk1/cnt[6]_i_1_n_0 |                2 |              7 |         3.50 |
|  clk_IBUF_BUFG |                        |                       |                5 |              8 |         1.60 |
|  B/clk1/CLK    | B/u2/count[19]_i_1_n_0 | d0/rst_pb             |                4 |             20 |         5.00 |
|  clk_IBUF_BUFG |                        | d0/rst_pb             |               16 |             52 |         3.25 |
+----------------+------------------------+-----------------------+------------------+----------------+--------------+


