#-----------------------------------------------------------
# Vivado v2020.2 (64-bit)
# SW Build 3064766 on Wed Nov 18 09:12:45 MST 2020
# IP Build 3064653 on Wed Nov 18 14:17:31 MST 2020
# Start of session at: Thu Dec 23 15:41:00 2021
# Process ID: 11488
# Current directory: D:/LogicDesignExperiment/share_repo/Lab6-Advanced/car
# Command line: vivado.exe -gui_launcher_event rodinguilauncherevent8776 D:\LogicDesignExperiment\share_repo\Lab6-Advanced\car\car.xpr
# Log file: D:/LogicDesignExperiment/share_repo/Lab6-Advanced/car/vivado.log
# Journal file: D:/LogicDesignExperiment/share_repo/Lab6-Advanced/car\vivado.jou
#-----------------------------------------------------------
start_gui
open_project D:/LogicDesignExperiment/share_repo/Lab6-Advanced/car/car.xpr
INFO: [Project 1-313] Project file moved from 'D:/LogicDesignExperiment/LAB06_1202/car' since last save.
WARNING: [filemgmt 56-2] Default IP Output Path : Could not find the directory 'D:/LogicDesignExperiment/share_repo/Lab6-Advanced/car/car.gen/sources_1', nor could it be found using path 'D:/LogicDesignExperiment/LAB06_1202/car/car.gen/sources_1'.
Scanning sources...
Finished scanning sources
INFO: [IP_Flow 19-234] Refreshing IP repositories
INFO: [IP_Flow 19-1704] No user IP repositories specified
INFO: [IP_Flow 19-2313] Loaded Vivado IP repository 'C:/Xilinx/Vivado/2020.2/data/ip'.
open_project: Time (s): cpu = 00:00:17 ; elapsed = 00:00:08 . Memory (MB): peak = 1016.520 ; gain = 0.000
update_compile_order -fileset sources_1
exit
INFO: [Common 17-206] Exiting Vivado at Thu Dec 23 17:02:02 2021...
