#-----------------------------------------------------------
# Vivado v2020.2 (64-bit)
# SW Build 3064766 on Wed Nov 18 09:12:45 MST 2020
# IP Build 3064653 on Wed Nov 18 14:17:31 MST 2020
# Start of session at: Thu Jan 13 11:37:28 2022
# Process ID: 15912
# Current directory: D:/LogicDesignExperiment/final_project/camera_try
# Command line: vivado.exe -gui_launcher_event rodinguilauncherevent11984 D:\LogicDesignExperiment\final_project\camera_try\camera_try.xpr
# Log file: D:/LogicDesignExperiment/final_project/camera_try/vivado.log
# Journal file: D:/LogicDesignExperiment/final_project/camera_try\vivado.jou
#-----------------------------------------------------------
start_gui
open_project D:/LogicDesignExperiment/final_project/camera_try/camera_try.xpr
WARNING: [filemgmt 56-3] Default IP Output Path : Could not find the directory 'D:/LogicDesignExperiment/final_project/camera_try/camera_try.gen/sources_1'.
Scanning sources...
Finished scanning sources
INFO: [IP_Flow 19-234] Refreshing IP repositories
INFO: [IP_Flow 19-1704] No user IP repositories specified
INFO: [IP_Flow 19-2313] Loaded Vivado IP repository 'C:/Xilinx/Vivado/2020.2/data/ip'.
open_project: Time (s): cpu = 00:00:26 ; elapsed = 00:00:09 . Memory (MB): peak = 1015.406 ; gain = 0.000
update_compile_order -fileset sources_1
