#-----------------------------------------------------------
# Vivado v2020.2 (64-bit)
# SW Build 3064766 on Wed Nov 18 09:12:45 MST 2020
# IP Build 3064653 on Wed Nov 18 14:17:31 MST 2020
# Start of session at: Thu Jan 13 17:58:05 2022
# Process ID: 2424
# Current directory: C:/home/github/LogicDesign/Final/CNN
# Command line: vivado.exe -gui_launcher_event rodinguilauncherevent12328 C:\home\github\LogicDesign\Final\CNN\CNN.xpr
# Log file: C:/home/github/LogicDesign/Final/CNN/vivado.log
# Journal file: C:/home/github/LogicDesign/Final/CNN\vivado.jou
#-----------------------------------------------------------
start_gui
open_project C:/home/github/LogicDesign/Final/CNN/CNN.xpr
WARNING: [filemgmt 56-3] Default IP Output Path : Could not find the directory 'C:/home/github/LogicDesign/Final/CNN/CNN.gen/sources_1'.
Scanning sources...
Finished scanning sources
INFO: [IP_Flow 19-234] Refreshing IP repositories
INFO: [IP_Flow 19-1704] No user IP repositories specified
INFO: [IP_Flow 19-2313] Loaded Vivado IP repository 'C:/Xilinx/Vivado/2020.2/data/ip'.
set_property strategy {Vivado Synthesis Defaults} [get_runs synth_1]
set_property strategy {Vivado Implementation Defaults} [get_runs impl_1]
exit
INFO: [Common 17-206] Exiting Vivado at Thu Jan 13 18:01:35 2022...
INFO: [filemgmt 56-326] User Interrupt. Could not getCurrentGraph()
INFO: [filemgmt 56-326] User Interrupt. Could not getCurrentGraph()
