
*** Running vivado
    with args -log SampleDisplay.vds -m64 -product Vivado -mode batch -messageDb vivado.pb -notrace -source SampleDisplay.tcl



****** Vivado v2020.2 (64-bit)
  **** SW Build 3064766 on Wed Nov 18 09:12:45 MST 2020
  **** IP Build 3064653 on Wed Nov 18 14:17:31 MST 2020
    ** Copyright 1986-2020 Xilinx, Inc. All Rights Reserved.

source SampleDisplay.tcl -notrace
INFO: [IP_Flow 19-234] Refreshing IP repositories
INFO: [IP_Flow 19-1700] Loaded user IP repository 'c:/Users/lawre/Downloads/Keyboard Sample Code/Keyboard Sample Code/Keyboard Sample Code/ip'.
INFO: [IP_Flow 19-2313] Loaded Vivado IP repository 'C:/Xilinx/Vivado/2020.2/data/ip'.
Command: synth_design -top SampleDisplay -part xa7a35tcpg236-1I
Starting synth_design
Attempting to get a license for feature 'Synthesis' and/or device 'xa7a35t'
INFO: [Common 17-349] Got license for feature 'Synthesis' and/or device 'xa7a35t'
INFO: [Device 21-403] Loading part xa7a35tcpg236-1I
INFO: [Synth 8-7079] Multithreading enabled for synth_design using a maximum of 2 processes.
INFO: [Synth 8-7078] Launching helper process for spawning children vivado processes
INFO: [Synth 8-7075] Helper process launched with PID 11612
---------------------------------------------------------------------------------
Starting RTL Elaboration : Time (s): cpu = 00:00:04 ; elapsed = 00:00:05 . Memory (MB): peak = 1016.789 ; gain = 0.000
---------------------------------------------------------------------------------
INFO: [Synth 8-6157] synthesizing module 'SampleDisplay' [C:/Users/lawre/Downloads/Keyboard Sample Code/Keyboard Sample Code/Keyboard Sample Code/SampleDisplay.v:1]
	Parameter LEFT_SHIFT_CODES bound to: 9'b000010010 
	Parameter RIGHT_SHIFT_CODES bound to: 9'b001011001 
	Parameter KEY_CODES bound to: 180'b001000101000010110000011110000100110000100101000101110000110110000111101000111110001000110001110000001101001001110010001111010001101011001110011001110100001101100001110101001111101 
INFO: [Synth 8-6157] synthesizing module 'SevenSegment' [C:/Users/lawre/Downloads/Keyboard Sample Code/Keyboard Sample Code/Keyboard Sample Code/SevenSegment.v:1]
INFO: [Synth 8-6155] done synthesizing module 'SevenSegment' (1#1) [C:/Users/lawre/Downloads/Keyboard Sample Code/Keyboard Sample Code/Keyboard Sample Code/SevenSegment.v:1]
INFO: [Synth 8-6157] synthesizing module 'KeyboardDecoder' [C:/Users/lawre/Downloads/Keyboard Sample Code/Keyboard Sample Code/Keyboard Sample Code/KeyboardDecoder.v:1]
	Parameter INIT bound to: 2'b00 
	Parameter WAIT_FOR_SIGNAL bound to: 2'b01 
	Parameter GET_SIGNAL_DOWN bound to: 2'b10 
	Parameter WAIT_RELEASE bound to: 2'b11 
	Parameter IS_INIT bound to: 8'b10101010 
	Parameter IS_EXTEND bound to: 8'b11100000 
	Parameter IS_BREAK bound to: 8'b11110000 
ERROR: [Synth 8-439] module 'KeyboardCtrl_0' not found [C:/Users/lawre/Downloads/Keyboard Sample Code/Keyboard Sample Code/Keyboard Sample Code/KeyboardDecoder.v:33]
ERROR: [Synth 8-6156] failed synthesizing module 'KeyboardDecoder' [C:/Users/lawre/Downloads/Keyboard Sample Code/Keyboard Sample Code/Keyboard Sample Code/KeyboardDecoder.v:1]
ERROR: [Synth 8-6156] failed synthesizing module 'SampleDisplay' [C:/Users/lawre/Downloads/Keyboard Sample Code/Keyboard Sample Code/Keyboard Sample Code/SampleDisplay.v:1]
---------------------------------------------------------------------------------
Finished RTL Elaboration : Time (s): cpu = 00:00:05 ; elapsed = 00:00:06 . Memory (MB): peak = 1016.789 ; gain = 0.000
---------------------------------------------------------------------------------
RTL Elaboration failed
INFO: [Common 17-83] Releasing license: Synthesis
13 Infos, 0 Warnings, 0 Critical Warnings and 4 Errors encountered.
synth_design failed
ERROR: [Common 17-69] Command failed: Synthesis failed - please see the console or run log file for details
INFO: [Common 17-206] Exiting Vivado at Thu Nov 18 16:32:02 2021...
