
*** Running vivado
    with args -log Parameterized_Ping_Pong_Counter.vds -m64 -product Vivado -mode batch -messageDb vivado.pb -notrace -source Parameterized_Ping_Pong_Counter.tcl



****** Vivado v2020.2 (64-bit)
  **** SW Build 3064766 on Wed Nov 18 09:12:45 MST 2020
  **** IP Build 3064653 on Wed Nov 18 14:17:31 MST 2020
    ** Copyright 1986-2020 Xilinx, Inc. All Rights Reserved.

source Parameterized_Ping_Pong_Counter.tcl -notrace
Command: synth_design -top Parameterized_Ping_Pong_Counter -part xc7a35tcpg236-1
Starting synth_design
Attempting to get a license for feature 'Synthesis' and/or device 'xc7a35t'
INFO: [Common 17-349] Got license for feature 'Synthesis' and/or device 'xc7a35t'
INFO: [Device 21-403] Loading part xc7a35tcpg236-1
INFO: [Synth 8-7079] Multithreading enabled for synth_design using a maximum of 2 processes.
INFO: [Synth 8-7078] Launching helper process for spawning children vivado processes
INFO: [Synth 8-7075] Helper process launched with PID 848
---------------------------------------------------------------------------------
Starting RTL Elaboration : Time (s): cpu = 00:00:04 ; elapsed = 00:00:05 . Memory (MB): peak = 1014.590 ; gain = 0.000
---------------------------------------------------------------------------------
INFO: [Synth 8-6157] synthesizing module 'Parameterized_Ping_Pong_Counter' [C:/home/github/LogicDesign/Lab3-Advanced/Problem_1_3_5/Problem_1_3_5.srcs/sources_1/imports/Users/lawre/Downloads/Lab3_TeamX_Parameterized_Ping_Pong_Counter.v:3]
WARNING: [Synth 8-567] referenced signal 'max' should be on the sensitivity list [C:/home/github/LogicDesign/Lab3-Advanced/Problem_1_3_5/Problem_1_3_5.srcs/sources_1/imports/Users/lawre/Downloads/Lab3_TeamX_Parameterized_Ping_Pong_Counter.v:28]
WARNING: [Synth 8-567] referenced signal 'min' should be on the sensitivity list [C:/home/github/LogicDesign/Lab3-Advanced/Problem_1_3_5/Problem_1_3_5.srcs/sources_1/imports/Users/lawre/Downloads/Lab3_TeamX_Parameterized_Ping_Pong_Counter.v:28]
INFO: [Synth 8-6155] done synthesizing module 'Parameterized_Ping_Pong_Counter' (1#1) [C:/home/github/LogicDesign/Lab3-Advanced/Problem_1_3_5/Problem_1_3_5.srcs/sources_1/imports/Users/lawre/Downloads/Lab3_TeamX_Parameterized_Ping_Pong_Counter.v:3]
---------------------------------------------------------------------------------
Finished RTL Elaboration : Time (s): cpu = 00:00:06 ; elapsed = 00:00:06 . Memory (MB): peak = 1014.590 ; gain = 0.000
---------------------------------------------------------------------------------
---------------------------------------------------------------------------------
Start Handling Custom Attributes
---------------------------------------------------------------------------------
---------------------------------------------------------------------------------
Finished Handling Custom Attributes : Time (s): cpu = 00:00:06 ; elapsed = 00:00:07 . Memory (MB): peak = 1014.590 ; gain = 0.000
---------------------------------------------------------------------------------
---------------------------------------------------------------------------------
Finished RTL Optimization Phase 1 : Time (s): cpu = 00:00:06 ; elapsed = 00:00:07 . Memory (MB): peak = 1014.590 ; gain = 0.000
---------------------------------------------------------------------------------
Netlist sorting complete. Time (s): cpu = 00:00:00 ; elapsed = 00:00:00 . Memory (MB): peak = 1014.590 ; gain = 0.000
INFO: [Project 1-570] Preparing netlist for logic optimization

Processing XDC Constraints
Initializing timing engine
Parsing XDC File [C:/home/github/LogicDesign/Lab3-Advanced/Problem_1_3_5/Problem_1_3_5.srcs/constrs_1/new/FPGA_Constraint.xdc]
WARNING: [Vivado 12-584] No ports matched 'AN[3]'. [C:/home/github/LogicDesign/Lab3-Advanced/Problem_1_3_5/Problem_1_3_5.srcs/constrs_1/new/FPGA_Constraint.xdc:27]
CRITICAL WARNING: [Common 17-55] 'set_property' expects at least one object. [C:/home/github/LogicDesign/Lab3-Advanced/Problem_1_3_5/Problem_1_3_5.srcs/constrs_1/new/FPGA_Constraint.xdc:27]
Resolution: If [get_<value>] was used to populate the object, check to make sure this command returns at least one valid object.
WARNING: [Vivado 12-584] No ports matched 'AN[2]'. [C:/home/github/LogicDesign/Lab3-Advanced/Problem_1_3_5/Problem_1_3_5.srcs/constrs_1/new/FPGA_Constraint.xdc:28]
CRITICAL WARNING: [Common 17-55] 'set_property' expects at least one object. [C:/home/github/LogicDesign/Lab3-Advanced/Problem_1_3_5/Problem_1_3_5.srcs/constrs_1/new/FPGA_Constraint.xdc:28]
Resolution: If [get_<value>] was used to populate the object, check to make sure this command returns at least one valid object.
WARNING: [Vivado 12-584] No ports matched 'AN[1]'. [C:/home/github/LogicDesign/Lab3-Advanced/Problem_1_3_5/Problem_1_3_5.srcs/constrs_1/new/FPGA_Constraint.xdc:29]
CRITICAL WARNING: [Common 17-55] 'set_property' expects at least one object. [C:/home/github/LogicDesign/Lab3-Advanced/Problem_1_3_5/Problem_1_3_5.srcs/constrs_1/new/FPGA_Constraint.xdc:29]
Resolution: If [get_<value>] was used to populate the object, check to make sure this command returns at least one valid object.
WARNING: [Vivado 12-584] No ports matched 'AN[0]'. [C:/home/github/LogicDesign/Lab3-Advanced/Problem_1_3_5/Problem_1_3_5.srcs/constrs_1/new/FPGA_Constraint.xdc:30]
CRITICAL WARNING: [Common 17-55] 'set_property' expects at least one object. [C:/home/github/LogicDesign/Lab3-Advanced/Problem_1_3_5/Problem_1_3_5.srcs/constrs_1/new/FPGA_Constraint.xdc:30]
Resolution: If [get_<value>] was used to populate the object, check to make sure this command returns at least one valid object.
WARNING: [Vivado 12-584] No ports matched 'seg[6]'. [C:/home/github/LogicDesign/Lab3-Advanced/Problem_1_3_5/Problem_1_3_5.srcs/constrs_1/new/FPGA_Constraint.xdc:31]
CRITICAL WARNING: [Common 17-55] 'set_property' expects at least one object. [C:/home/github/LogicDesign/Lab3-Advanced/Problem_1_3_5/Problem_1_3_5.srcs/constrs_1/new/FPGA_Constraint.xdc:31]
Resolution: If [get_<value>] was used to populate the object, check to make sure this command returns at least one valid object.
WARNING: [Vivado 12-584] No ports matched 'seg[5]'. [C:/home/github/LogicDesign/Lab3-Advanced/Problem_1_3_5/Problem_1_3_5.srcs/constrs_1/new/FPGA_Constraint.xdc:32]
CRITICAL WARNING: [Common 17-55] 'set_property' expects at least one object. [C:/home/github/LogicDesign/Lab3-Advanced/Problem_1_3_5/Problem_1_3_5.srcs/constrs_1/new/FPGA_Constraint.xdc:32]
Resolution: If [get_<value>] was used to populate the object, check to make sure this command returns at least one valid object.
WARNING: [Vivado 12-584] No ports matched 'seg[4]'. [C:/home/github/LogicDesign/Lab3-Advanced/Problem_1_3_5/Problem_1_3_5.srcs/constrs_1/new/FPGA_Constraint.xdc:33]
CRITICAL WARNING: [Common 17-55] 'set_property' expects at least one object. [C:/home/github/LogicDesign/Lab3-Advanced/Problem_1_3_5/Problem_1_3_5.srcs/constrs_1/new/FPGA_Constraint.xdc:33]
Resolution: If [get_<value>] was used to populate the object, check to make sure this command returns at least one valid object.
WARNING: [Vivado 12-584] No ports matched 'seg[3]'. [C:/home/github/LogicDesign/Lab3-Advanced/Problem_1_3_5/Problem_1_3_5.srcs/constrs_1/new/FPGA_Constraint.xdc:34]
CRITICAL WARNING: [Common 17-55] 'set_property' expects at least one object. [C:/home/github/LogicDesign/Lab3-Advanced/Problem_1_3_5/Problem_1_3_5.srcs/constrs_1/new/FPGA_Constraint.xdc:34]
Resolution: If [get_<value>] was used to populate the object, check to make sure this command returns at least one valid object.
WARNING: [Vivado 12-584] No ports matched 'seg[2]'. [C:/home/github/LogicDesign/Lab3-Advanced/Problem_1_3_5/Problem_1_3_5.srcs/constrs_1/new/FPGA_Constraint.xdc:35]
CRITICAL WARNING: [Common 17-55] 'set_property' expects at least one object. [C:/home/github/LogicDesign/Lab3-Advanced/Problem_1_3_5/Problem_1_3_5.srcs/constrs_1/new/FPGA_Constraint.xdc:35]
Resolution: If [get_<value>] was used to populate the object, check to make sure this command returns at least one valid object.
WARNING: [Vivado 12-584] No ports matched 'seg[1]'. [C:/home/github/LogicDesign/Lab3-Advanced/Problem_1_3_5/Problem_1_3_5.srcs/constrs_1/new/FPGA_Constraint.xdc:36]
CRITICAL WARNING: [Common 17-55] 'set_property' expects at least one object. [C:/home/github/LogicDesign/Lab3-Advanced/Problem_1_3_5/Problem_1_3_5.srcs/constrs_1/new/FPGA_Constraint.xdc:36]
Resolution: If [get_<value>] was used to populate the object, check to make sure this command returns at least one valid object.
WARNING: [Vivado 12-584] No ports matched 'seg[0]'. [C:/home/github/LogicDesign/Lab3-Advanced/Problem_1_3_5/Problem_1_3_5.srcs/constrs_1/new/FPGA_Constraint.xdc:37]
CRITICAL WARNING: [Common 17-55] 'set_property' expects at least one object. [C:/home/github/LogicDesign/Lab3-Advanced/Problem_1_3_5/Problem_1_3_5.srcs/constrs_1/new/FPGA_Constraint.xdc:37]
Resolution: If [get_<value>] was used to populate the object, check to make sure this command returns at least one valid object.
WARNING: [Vivado 12-584] No ports matched 'AN[3]'. [C:/home/github/LogicDesign/Lab3-Advanced/Problem_1_3_5/Problem_1_3_5.srcs/constrs_1/new/FPGA_Constraint.xdc:38]
CRITICAL WARNING: [Common 17-55] 'set_property' expects at least one object. [C:/home/github/LogicDesign/Lab3-Advanced/Problem_1_3_5/Problem_1_3_5.srcs/constrs_1/new/FPGA_Constraint.xdc:38]
Resolution: If [get_<value>] was used to populate the object, check to make sure this command returns at least one valid object.
WARNING: [Vivado 12-584] No ports matched 'AN[2]'. [C:/home/github/LogicDesign/Lab3-Advanced/Problem_1_3_5/Problem_1_3_5.srcs/constrs_1/new/FPGA_Constraint.xdc:39]
CRITICAL WARNING: [Common 17-55] 'set_property' expects at least one object. [C:/home/github/LogicDesign/Lab3-Advanced/Problem_1_3_5/Problem_1_3_5.srcs/constrs_1/new/FPGA_Constraint.xdc:39]
Resolution: If [get_<value>] was used to populate the object, check to make sure this command returns at least one valid object.
WARNING: [Vivado 12-584] No ports matched 'AN[1]'. [C:/home/github/LogicDesign/Lab3-Advanced/Problem_1_3_5/Problem_1_3_5.srcs/constrs_1/new/FPGA_Constraint.xdc:40]
CRITICAL WARNING: [Common 17-55] 'set_property' expects at least one object. [C:/home/github/LogicDesign/Lab3-Advanced/Problem_1_3_5/Problem_1_3_5.srcs/constrs_1/new/FPGA_Constraint.xdc:40]
Resolution: If [get_<value>] was used to populate the object, check to make sure this command returns at least one valid object.
WARNING: [Vivado 12-584] No ports matched 'AN[0]'. [C:/home/github/LogicDesign/Lab3-Advanced/Problem_1_3_5/Problem_1_3_5.srcs/constrs_1/new/FPGA_Constraint.xdc:41]
CRITICAL WARNING: [Common 17-55] 'set_property' expects at least one object. [C:/home/github/LogicDesign/Lab3-Advanced/Problem_1_3_5/Problem_1_3_5.srcs/constrs_1/new/FPGA_Constraint.xdc:41]
Resolution: If [get_<value>] was used to populate the object, check to make sure this command returns at least one valid object.
WARNING: [Vivado 12-584] No ports matched 'seg[6]'. [C:/home/github/LogicDesign/Lab3-Advanced/Problem_1_3_5/Problem_1_3_5.srcs/constrs_1/new/FPGA_Constraint.xdc:42]
CRITICAL WARNING: [Common 17-55] 'set_property' expects at least one object. [C:/home/github/LogicDesign/Lab3-Advanced/Problem_1_3_5/Problem_1_3_5.srcs/constrs_1/new/FPGA_Constraint.xdc:42]
Resolution: If [get_<value>] was used to populate the object, check to make sure this command returns at least one valid object.
WARNING: [Vivado 12-584] No ports matched 'seg[5]'. [C:/home/github/LogicDesign/Lab3-Advanced/Problem_1_3_5/Problem_1_3_5.srcs/constrs_1/new/FPGA_Constraint.xdc:43]
CRITICAL WARNING: [Common 17-55] 'set_property' expects at least one object. [C:/home/github/LogicDesign/Lab3-Advanced/Problem_1_3_5/Problem_1_3_5.srcs/constrs_1/new/FPGA_Constraint.xdc:43]
Resolution: If [get_<value>] was used to populate the object, check to make sure this command returns at least one valid object.
WARNING: [Vivado 12-584] No ports matched 'seg[4]'. [C:/home/github/LogicDesign/Lab3-Advanced/Problem_1_3_5/Problem_1_3_5.srcs/constrs_1/new/FPGA_Constraint.xdc:44]
CRITICAL WARNING: [Common 17-55] 'set_property' expects at least one object. [C:/home/github/LogicDesign/Lab3-Advanced/Problem_1_3_5/Problem_1_3_5.srcs/constrs_1/new/FPGA_Constraint.xdc:44]
Resolution: If [get_<value>] was used to populate the object, check to make sure this command returns at least one valid object.
WARNING: [Vivado 12-584] No ports matched 'seg[3]'. [C:/home/github/LogicDesign/Lab3-Advanced/Problem_1_3_5/Problem_1_3_5.srcs/constrs_1/new/FPGA_Constraint.xdc:45]
CRITICAL WARNING: [Common 17-55] 'set_property' expects at least one object. [C:/home/github/LogicDesign/Lab3-Advanced/Problem_1_3_5/Problem_1_3_5.srcs/constrs_1/new/FPGA_Constraint.xdc:45]
Resolution: If [get_<value>] was used to populate the object, check to make sure this command returns at least one valid object.
WARNING: [Vivado 12-584] No ports matched 'seg[2]'. [C:/home/github/LogicDesign/Lab3-Advanced/Problem_1_3_5/Problem_1_3_5.srcs/constrs_1/new/FPGA_Constraint.xdc:46]
CRITICAL WARNING: [Common 17-55] 'set_property' expects at least one object. [C:/home/github/LogicDesign/Lab3-Advanced/Problem_1_3_5/Problem_1_3_5.srcs/constrs_1/new/FPGA_Constraint.xdc:46]
Resolution: If [get_<value>] was used to populate the object, check to make sure this command returns at least one valid object.
WARNING: [Vivado 12-584] No ports matched 'seg[1]'. [C:/home/github/LogicDesign/Lab3-Advanced/Problem_1_3_5/Problem_1_3_5.srcs/constrs_1/new/FPGA_Constraint.xdc:47]
CRITICAL WARNING: [Common 17-55] 'set_property' expects at least one object. [C:/home/github/LogicDesign/Lab3-Advanced/Problem_1_3_5/Problem_1_3_5.srcs/constrs_1/new/FPGA_Constraint.xdc:47]
Resolution: If [get_<value>] was used to populate the object, check to make sure this command returns at least one valid object.
WARNING: [Vivado 12-584] No ports matched 'seg[0]'. [C:/home/github/LogicDesign/Lab3-Advanced/Problem_1_3_5/Problem_1_3_5.srcs/constrs_1/new/FPGA_Constraint.xdc:48]
CRITICAL WARNING: [Common 17-55] 'set_property' expects at least one object. [C:/home/github/LogicDesign/Lab3-Advanced/Problem_1_3_5/Problem_1_3_5.srcs/constrs_1/new/FPGA_Constraint.xdc:48]
Resolution: If [get_<value>] was used to populate the object, check to make sure this command returns at least one valid object.
WARNING: [Vivado 12-584] No ports matched 'rst'. [C:/home/github/LogicDesign/Lab3-Advanced/Problem_1_3_5/Problem_1_3_5.srcs/constrs_1/new/FPGA_Constraint.xdc:50]
CRITICAL WARNING: [Common 17-55] 'set_property' expects at least one object. [C:/home/github/LogicDesign/Lab3-Advanced/Problem_1_3_5/Problem_1_3_5.srcs/constrs_1/new/FPGA_Constraint.xdc:50]
Resolution: If [get_<value>] was used to populate the object, check to make sure this command returns at least one valid object.
WARNING: [Vivado 12-584] No ports matched 'rst'. [C:/home/github/LogicDesign/Lab3-Advanced/Problem_1_3_5/Problem_1_3_5.srcs/constrs_1/new/FPGA_Constraint.xdc:51]
CRITICAL WARNING: [Common 17-55] 'set_property' expects at least one object. [C:/home/github/LogicDesign/Lab3-Advanced/Problem_1_3_5/Problem_1_3_5.srcs/constrs_1/new/FPGA_Constraint.xdc:51]
Resolution: If [get_<value>] was used to populate the object, check to make sure this command returns at least one valid object.
Finished Parsing XDC File [C:/home/github/LogicDesign/Lab3-Advanced/Problem_1_3_5/Problem_1_3_5.srcs/constrs_1/new/FPGA_Constraint.xdc]
INFO: [Project 1-236] Implementation specific constraints were found while reading constraint file [C:/home/github/LogicDesign/Lab3-Advanced/Problem_1_3_5/Problem_1_3_5.srcs/constrs_1/new/FPGA_Constraint.xdc]. These constraints will be ignored for synthesis but will be used in implementation. Impacted constraints are listed in the file [.Xil/Parameterized_Ping_Pong_Counter_propImpl.xdc].
Resolution: To avoid this warning, move constraints listed in [.Xil/Parameterized_Ping_Pong_Counter_propImpl.xdc] to another XDC file and exclude this new file from synthesis with the used_in_synthesis property (File Properties dialog in GUI) and re-run elaboration/synthesis.
Completed Processing XDC Constraints

Netlist sorting complete. Time (s): cpu = 00:00:00 ; elapsed = 00:00:00 . Memory (MB): peak = 1014.590 ; gain = 0.000
INFO: [Project 1-111] Unisim Transformation Summary:
No Unisim elements were transformed.

Constraint Validation Runtime : Time (s): cpu = 00:00:00 ; elapsed = 00:00:00.004 . Memory (MB): peak = 1014.590 ; gain = 0.000
---------------------------------------------------------------------------------
Finished Constraint Validation : Time (s): cpu = 00:00:12 ; elapsed = 00:00:13 . Memory (MB): peak = 1014.590 ; gain = 0.000
---------------------------------------------------------------------------------
---------------------------------------------------------------------------------
Start Loading Part and Timing Information
---------------------------------------------------------------------------------
Loading part: xc7a35tcpg236-1
---------------------------------------------------------------------------------
Finished Loading Part and Timing Information : Time (s): cpu = 00:00:12 ; elapsed = 00:00:14 . Memory (MB): peak = 1014.590 ; gain = 0.000
---------------------------------------------------------------------------------
---------------------------------------------------------------------------------
Start Applying 'set_property' XDC Constraints
---------------------------------------------------------------------------------
---------------------------------------------------------------------------------
Finished applying 'set_property' XDC Constraints : Time (s): cpu = 00:00:12 ; elapsed = 00:00:14 . Memory (MB): peak = 1014.590 ; gain = 0.000
---------------------------------------------------------------------------------
---------------------------------------------------------------------------------
Finished RTL Optimization Phase 2 : Time (s): cpu = 00:00:12 ; elapsed = 00:00:14 . Memory (MB): peak = 1014.590 ; gain = 0.000
---------------------------------------------------------------------------------
---------------------------------------------------------------------------------
Start RTL Component Statistics 
---------------------------------------------------------------------------------
Detailed RTL Component Info : 
+---Adders : 
	   2 Input    4 Bit       Adders := 2     
+---XORs : 
	   2 Input      1 Bit         XORs := 2     
+---Registers : 
	                4 Bit    Registers := 1     
	                1 Bit    Registers := 1     
+---Muxes : 
	   2 Input    4 Bit        Muxes := 1     
	   2 Input    2 Bit        Muxes := 2     
	   2 Input    1 Bit        Muxes := 2     
---------------------------------------------------------------------------------
Finished RTL Component Statistics 
---------------------------------------------------------------------------------
---------------------------------------------------------------------------------
Start Part Resource Summary
---------------------------------------------------------------------------------
Part Resources:
DSPs: 90 (col length:60)
BRAMs: 100 (col length: RAMB18 60 RAMB36 30)
---------------------------------------------------------------------------------
Finished Part Resource Summary
---------------------------------------------------------------------------------
---------------------------------------------------------------------------------
Start Cross Boundary and Area Optimization
---------------------------------------------------------------------------------
---------------------------------------------------------------------------------
Finished Cross Boundary and Area Optimization : Time (s): cpu = 00:00:14 ; elapsed = 00:00:16 . Memory (MB): peak = 1014.590 ; gain = 0.000
---------------------------------------------------------------------------------
---------------------------------------------------------------------------------
Start Applying XDC Timing Constraints
---------------------------------------------------------------------------------
---------------------------------------------------------------------------------
Finished Applying XDC Timing Constraints : Time (s): cpu = 00:00:20 ; elapsed = 00:00:22 . Memory (MB): peak = 1025.316 ; gain = 10.727
---------------------------------------------------------------------------------
---------------------------------------------------------------------------------
Start Timing Optimization
---------------------------------------------------------------------------------
---------------------------------------------------------------------------------
Finished Timing Optimization : Time (s): cpu = 00:00:20 ; elapsed = 00:00:22 . Memory (MB): peak = 1025.391 ; gain = 10.801
---------------------------------------------------------------------------------
---------------------------------------------------------------------------------
Start Technology Mapping
---------------------------------------------------------------------------------
---------------------------------------------------------------------------------
Finished Technology Mapping : Time (s): cpu = 00:00:20 ; elapsed = 00:00:22 . Memory (MB): peak = 1044.500 ; gain = 29.910
---------------------------------------------------------------------------------
---------------------------------------------------------------------------------
Start IO Insertion
---------------------------------------------------------------------------------
---------------------------------------------------------------------------------
Start Flattening Before IO Insertion
---------------------------------------------------------------------------------
---------------------------------------------------------------------------------
Finished Flattening Before IO Insertion
---------------------------------------------------------------------------------
---------------------------------------------------------------------------------
Start Final Netlist Cleanup
---------------------------------------------------------------------------------
---------------------------------------------------------------------------------
Finished Final Netlist Cleanup
---------------------------------------------------------------------------------
---------------------------------------------------------------------------------
Finished IO Insertion : Time (s): cpu = 00:00:24 ; elapsed = 00:00:26 . Memory (MB): peak = 1051.785 ; gain = 37.195
---------------------------------------------------------------------------------
---------------------------------------------------------------------------------
Start Renaming Generated Instances
---------------------------------------------------------------------------------
---------------------------------------------------------------------------------
Finished Renaming Generated Instances : Time (s): cpu = 00:00:24 ; elapsed = 00:00:26 . Memory (MB): peak = 1051.785 ; gain = 37.195
---------------------------------------------------------------------------------
---------------------------------------------------------------------------------
Start Rebuilding User Hierarchy
---------------------------------------------------------------------------------
---------------------------------------------------------------------------------
Finished Rebuilding User Hierarchy : Time (s): cpu = 00:00:24 ; elapsed = 00:00:26 . Memory (MB): peak = 1051.785 ; gain = 37.195
---------------------------------------------------------------------------------
---------------------------------------------------------------------------------
Start Renaming Generated Ports
---------------------------------------------------------------------------------
---------------------------------------------------------------------------------
Finished Renaming Generated Ports : Time (s): cpu = 00:00:24 ; elapsed = 00:00:26 . Memory (MB): peak = 1051.785 ; gain = 37.195
---------------------------------------------------------------------------------
---------------------------------------------------------------------------------
Start Handling Custom Attributes
---------------------------------------------------------------------------------
---------------------------------------------------------------------------------
Finished Handling Custom Attributes : Time (s): cpu = 00:00:24 ; elapsed = 00:00:26 . Memory (MB): peak = 1051.785 ; gain = 37.195
---------------------------------------------------------------------------------
---------------------------------------------------------------------------------
Start Renaming Generated Nets
---------------------------------------------------------------------------------
---------------------------------------------------------------------------------
Finished Renaming Generated Nets : Time (s): cpu = 00:00:24 ; elapsed = 00:00:26 . Memory (MB): peak = 1051.785 ; gain = 37.195
---------------------------------------------------------------------------------
---------------------------------------------------------------------------------
Start Writing Synthesis Report
---------------------------------------------------------------------------------

Report BlackBoxes: 
+-+--------------+----------+
| |BlackBox name |Instances |
+-+--------------+----------+
+-+--------------+----------+

Report Cell Usage: 
+------+-----+------+
|      |Cell |Count |
+------+-----+------+
|1     |BUFG |     1|
|2     |LUT2 |     2|
|3     |LUT3 |     6|
|4     |LUT4 |     1|
|5     |LUT5 |     4|
|6     |LUT6 |     8|
|7     |FDRE |     5|
|8     |IBUF |    12|
|9     |OBUF |     5|
+------+-----+------+
---------------------------------------------------------------------------------
Finished Writing Synthesis Report : Time (s): cpu = 00:00:24 ; elapsed = 00:00:26 . Memory (MB): peak = 1051.785 ; gain = 37.195
---------------------------------------------------------------------------------
Synthesis finished with 0 errors, 0 critical warnings and 0 warnings.
Synthesis Optimization Runtime : Time (s): cpu = 00:00:17 ; elapsed = 00:00:24 . Memory (MB): peak = 1051.785 ; gain = 37.195
Synthesis Optimization Complete : Time (s): cpu = 00:00:25 ; elapsed = 00:00:26 . Memory (MB): peak = 1051.785 ; gain = 37.195
INFO: [Project 1-571] Translating synthesized netlist
Netlist sorting complete. Time (s): cpu = 00:00:00 ; elapsed = 00:00:00.001 . Memory (MB): peak = 1063.820 ; gain = 0.000
INFO: [Project 1-570] Preparing netlist for logic optimization
INFO: [Opt 31-138] Pushed 0 inverter(s) to 0 load pin(s).
Netlist sorting complete. Time (s): cpu = 00:00:00 ; elapsed = 00:00:00 . Memory (MB): peak = 1066.746 ; gain = 0.000
INFO: [Project 1-111] Unisim Transformation Summary:
No Unisim elements were transformed.

INFO: [Common 17-83] Releasing license: Synthesis
15 Infos, 26 Warnings, 24 Critical Warnings and 0 Errors encountered.
synth_design completed successfully
synth_design: Time (s): cpu = 00:00:31 ; elapsed = 00:00:41 . Memory (MB): peak = 1066.746 ; gain = 52.156
INFO: [runtcl-6] Synthesis results are not added to the cache due to CRITICAL_WARNING
INFO: [Common 17-1381] The checkpoint 'C:/home/github/LogicDesign/Lab3-Advanced/Problem_1_3_5/Problem_1_3_5.runs/synth_1/Parameterized_Ping_Pong_Counter.dcp' has been generated.
INFO: [runtcl-4] Executing : report_utilization -file Parameterized_Ping_Pong_Counter_utilization_synth.rpt -pb Parameterized_Ping_Pong_Counter_utilization_synth.pb
INFO: [Common 17-206] Exiting Vivado at Wed Oct 27 22:15:47 2021...
