#-----------------------------------------------------------
# Vivado v2020.2 (64-bit)
# SW Build 3064766 on Wed Nov 18 09:12:45 MST 2020
# IP Build 3064653 on Wed Nov 18 14:17:31 MST 2020
# Start of session at: Wed Nov 17 21:54:29 2021
# Process ID: 13188
# Current directory: D:/LogicDesignExperiment/share_repo/Lab1-Advanced/crossbar_fpga
# Command line: vivado.exe -gui_launcher_event rodinguilauncherevent23052 D:\LogicDesignExperiment\share_repo\Lab1-Advanced\crossbar_fpga\crossbar_fpga.xpr
# Log file: D:/LogicDesignExperiment/share_repo/Lab1-Advanced/crossbar_fpga/vivado.log
# Journal file: D:/LogicDesignExperiment/share_repo/Lab1-Advanced/crossbar_fpga\vivado.jou
#-----------------------------------------------------------
start_gui
open_project D:/LogicDesignExperiment/share_repo/Lab1-Advanced/crossbar_fpga/crossbar_fpga.xpr
INFO: [Project 1-313] Project file moved from 'D:/LogicDesignExperiment/LAB01_0923/share_repo/Lab1-Advanced/crossbar_fpga' since last save.
WARNING: [filemgmt 56-2] Default IP Output Path : Could not find the directory 'D:/LogicDesignExperiment/share_repo/Lab1-Advanced/crossbar_fpga/crossbar_fpga.gen/sources_1', nor could it be found using path 'D:/LogicDesignExperiment/LAB01_0923/share_repo/Lab1-Advanced/crossbar_fpga/crossbar_fpga.gen/sources_1'.
Scanning sources...
Finished scanning sources
INFO: [IP_Flow 19-234] Refreshing IP repositories
INFO: [IP_Flow 19-1704] No user IP repositories specified
INFO: [IP_Flow 19-2313] Loaded Vivado IP repository 'C:/Xilinx/Vivado/2020.2/data/ip'.
open_project: Time (s): cpu = 00:00:17 ; elapsed = 00:00:06 . Memory (MB): peak = 1019.055 ; gain = 0.000
update_compile_order -fileset sources_1
exit
INFO: [Common 17-206] Exiting Vivado at Thu Nov 18 03:27:42 2021...
