#-----------------------------------------------------------
# Vivado v2020.2 (64-bit)
# SW Build 3064766 on Wed Nov 18 09:12:45 MST 2020
# IP Build 3064653 on Wed Nov 18 14:17:31 MST 2020
# Start of session at: Tue Sep 28 10:47:23 2021
# Process ID: 14768
# Current directory: D:/LogicDesignExperiment/LAB01_0923/share_repo/Lab1-Advanced/crossbar_fpga
# Command line: vivado.exe -gui_launcher_event rodinguilauncherevent15288 D:\LogicDesignExperiment\LAB01_0923\share_repo\Lab1-Advanced\crossbar_fpga\crossbar_fpga.xpr
# Log file: D:/LogicDesignExperiment/LAB01_0923/share_repo/Lab1-Advanced/crossbar_fpga/vivado.log
# Journal file: D:/LogicDesignExperiment/LAB01_0923/share_repo/Lab1-Advanced/crossbar_fpga\vivado.jou
#-----------------------------------------------------------
start_gui
open_project D:/LogicDesignExperiment/LAB01_0923/share_repo/Lab1-Advanced/crossbar_fpga/crossbar_fpga.xpr
INFO: [Project 1-313] Project file moved from 'D:/LogicDesignExperiment/LAB01_0923/advance/crossbar_fpga' since last save.
WARNING: [filemgmt 56-2] Default IP Output Path : Could not find the directory 'D:/LogicDesignExperiment/LAB01_0923/share_repo/Lab1-Advanced/crossbar_fpga/crossbar_fpga.gen/sources_1', nor could it be found using path 'D:/LogicDesignExperiment/LAB01_0923/advance/crossbar_fpga/crossbar_fpga.gen/sources_1'.
Scanning sources...
Finished scanning sources
INFO: [IP_Flow 19-234] Refreshing IP repositories
INFO: [IP_Flow 19-1704] No user IP repositories specified
INFO: [IP_Flow 19-2313] Loaded Vivado IP repository 'C:/Xilinx/Vivado/2020.2/data/ip'.
open_project: Time (s): cpu = 00:00:15 ; elapsed = 00:00:05 . Memory (MB): peak = 1018.520 ; gain = 0.000
update_compile_order -fileset sources_1
open_hw_manager
connect_hw_server -allow_non_jtag
INFO: [Labtools 27-2285] Connecting to hw_server url TCP:localhost:3121
INFO: [Labtools 27-2222] Launching hw_server...
INFO: [Labtools 27-2221] Launch Output:

****** Xilinx hw_server v2020.2
  **** Build date : Nov 18 2020 at 10:01:48
    ** Copyright 1986-2020 Xilinx, Inc. All Rights Reserved.


INFO: [Labtools 27-3415] Connecting to cs_server url TCP:localhost:3042
INFO: [Labtools 27-3417] Launching cs_server...
INFO: [Labtools 27-2221] Launch Output:


******** Xilinx cs_server v2020.2
  ****** Build date   : Nov 04 2020-05:02:56
    **** Build number : 2020.2.1604437376
      ** Copyright 2017-2020 Xilinx, Inc. All Rights Reserved.



connect_hw_server: Time (s): cpu = 00:00:02 ; elapsed = 00:00:10 . Memory (MB): peak = 1018.520 ; gain = 0.000
disconnect_hw_server localhost:3121
connect_hw_server -allow_non_jtag
INFO: [Labtools 27-2285] Connecting to hw_server url TCP:localhost:3121
INFO: [Labtools 27-3415] Connecting to cs_server url TCP:localhost:3042
INFO: [Labtools 27-3414] Connected to existing cs_server.
disconnect_hw_server localhost:3121
connect_hw_server -allow_non_jtag
INFO: [Labtools 27-2285] Connecting to hw_server url TCP:localhost:3121
INFO: [Labtools 27-3415] Connecting to cs_server url TCP:localhost:3042
INFO: [Labtools 27-3414] Connected to existing cs_server.
close_hw_manager
exit
INFO: [Common 17-206] Exiting Vivado at Tue Sep 28 10:51:02 2021...
