#-----------------------------------------------------------
# Vivado v2020.2 (64-bit)
# SW Build 3064766 on Wed Nov 18 09:12:45 MST 2020
# IP Build 3064653 on Wed Nov 18 14:17:31 MST 2020
# Start of session at: Wed Nov 24 22:51:47 2021
# Process ID: 892
# Current directory: D:/LogicDesignExperiment/LAB05_1118/Problem_1_2
# Command line: vivado.exe -gui_launcher_event rodinguilauncherevent19532 D:\LogicDesignExperiment\LAB05_1118\Problem_1_2\Problem_1_2.xpr
# Log file: D:/LogicDesignExperiment/LAB05_1118/Problem_1_2/vivado.log
# Journal file: D:/LogicDesignExperiment/LAB05_1118/Problem_1_2\vivado.jou
#-----------------------------------------------------------
start_gui
open_project D:/LogicDesignExperiment/LAB05_1118/Problem_1_2/Problem_1_2.xpr
WARNING: [filemgmt 56-3] Default IP Output Path : Could not find the directory 'D:/LogicDesignExperiment/LAB05_1118/Problem_1_2/Problem_1_2.gen/sources_1'.
Scanning sources...
Finished scanning sources
INFO: [IP_Flow 19-234] Refreshing IP repositories
INFO: [IP_Flow 19-1704] No user IP repositories specified
INFO: [IP_Flow 19-2313] Loaded Vivado IP repository 'C:/Xilinx/Vivado/2020.2/data/ip'.
open_project: Time (s): cpu = 00:00:12 ; elapsed = 00:00:07 . Memory (MB): peak = 1018.984 ; gain = 0.000
update_compile_order -fileset sources_1
exit
INFO: [Common 17-206] Exiting Vivado at Wed Nov 24 23:00:29 2021...
