#-----------------------------------------------------------
# Vivado v2020.2 (64-bit)
# SW Build 3064766 on Wed Nov 18 09:12:45 MST 2020
# IP Build 3064653 on Wed Nov 18 14:17:31 MST 2020
# Start of session at: Thu Jan 13 14:52:09 2022
# Process ID: 17572
# Current directory: D:/LogicDesignExperiment/final_project/basys3_ov7670_v1
# Command line: vivado.exe -gui_launcher_event rodinguilauncherevent3896 D:\LogicDesignExperiment\final_project\basys3_ov7670_v1\basys3_ov7670_v1.xpr
# Log file: D:/LogicDesignExperiment/final_project/basys3_ov7670_v1/vivado.log
# Journal file: D:/LogicDesignExperiment/final_project/basys3_ov7670_v1\vivado.jou
#-----------------------------------------------------------
start_gui
open_project -read_only D:/LogicDesignExperiment/final_project/basys3_ov7670_v1/basys3_ov7670_v1.xpr
INFO: [Project 1-313] Project file moved from 'D:/basys3_ov7670_v1' since last save.
Scanning sources...
Finished scanning sources
INFO: [IP_Flow 19-234] Refreshing IP repositories
INFO: [IP_Flow 19-1704] No user IP repositories specified
INFO: [IP_Flow 19-2313] Loaded Vivado IP repository 'C:/Xilinx/Vivado/2020.2/data/ip'.
WARNING: [Project 1-229] Project 'basys3_ov7670_v1.xpr' is read-only and therefore could not be upgraded for this version of Vivado.  Use 'File | Save Project As...' if you wish to save an upgraded copy.
open_project: Time (s): cpu = 00:00:22 ; elapsed = 00:00:08 . Memory (MB): peak = 1016.184 ; gain = 0.000
update_compile_order -fileset sources_1
update_compile_order -fileset sources_1
update_compile_order -fileset sources_1
exit
INFO: [Common 17-206] Exiting Vivado at Thu Jan 13 16:35:10 2022...
