#-----------------------------------------------------------
# Vivado v2020.2 (64-bit)
# SW Build 3064766 on Wed Nov 18 09:12:45 MST 2020
# IP Build 3064653 on Wed Nov 18 14:17:31 MST 2020
# Start of session at: Thu Oct 14 15:46:20 2021
# Process ID: 12656
# Current directory: C:/home/github/LogicDesign/Lab1-Advanced/Lab1-Advanced
# Command line: vivado.exe -gui_launcher_event rodinguilauncherevent6916 C:\home\github\LogicDesign\Lab1-Advanced\Lab1-Advanced\Lab1-Advanced.xpr
# Log file: C:/home/github/LogicDesign/Lab1-Advanced/Lab1-Advanced/vivado.log
# Journal file: C:/home/github/LogicDesign/Lab1-Advanced/Lab1-Advanced\vivado.jou
#-----------------------------------------------------------
start_guioopen_project C:/home/github/LogicDesign/Lab1-Advanced/Lab1-Advanced/Lab1-Advanced.xpr
WARNING: [filemgmt 56-3] Default IP Output Path : Could not find the directory 'C:/home/github/LogicDesign/Lab1-Advanced/Lab1-Advanced/Lab1-Advanced.gen/sources_1'.
Scanning sources...
Finished scanning sources
INFO: [IP_Flow 19-234] Refreshing IP repositories
INFO: [IP_Flow 19-1704] No user IP repositories specified
INFO: [IP_Flow 19-2313] Loaded Vivado IP repository 'C:/Xilinx/Vivado/2020.2/data/ip'.
update_compile_order -fileset sources_1
exit
INFO: [Common 17-206] Exiting Vivado at Thu Oct 14 16:02:56 2021...
ompile_order -fileset sources_1
exit
INFO: [Common 17-206] Exiting Vivado at Thu Oct 14 16:01:35 2021...
