#-----------------------------------------------------------
# Vivado v2020.2 (64-bit)
# SW Build 3064766 on Wed Nov 18 09:12:45 MST 2020
# IP Build 3064653 on Wed Nov 18 14:17:31 MST 2020
# Start of session at: Thu Sep 30 14:22:52 2021
# Process ID: 13900
# Current directory: D:/LogicDesignExperiment/LAB01_0923/share_repo/Lab1-Advanced/Lab1-Advanced
# Command line: vivado.exe -gui_launcher_event rodinguilauncherevent14368 D:\LogicDesignExperiment\LAB01_0923\share_repo\Lab1-Advanced\Lab1-Advanced\Lab1-Advanced.xpr
# Log file: D:/LogicDesignExperiment/LAB01_0923/share_repo/Lab1-Advanced/Lab1-Advanced/vivado.log
# Journal file: D:/LogicDesignExperiment/LAB01_0923/share_repo/Lab1-Advanced/Lab1-Advanced\vivado.jou
#-----------------------------------------------------------
start_gui
open_project D:/LogicDesignExperiment/LAB01_0923/share_repo/Lab1-Advanced/Lab1-Advanced/Lab1-Advanced.xpr
INFO: [Project 1-313] Project file moved from 'C:/home/github/LogicDesign/Lab1-Advanced/Lab1-Advanced' since last save.
WARNING: [filemgmt 56-2] Default IP Output Path : Could not find the directory 'D:/LogicDesignExperiment/LAB01_0923/share_repo/Lab1-Advanced/Lab1-Advanced/Lab1-Advanced.gen/sources_1', nor could it be found using path 'C:/home/github/LogicDesign/Lab1-Advanced/Lab1-Advanced/Lab1-Advanced.gen/sources_1'.
Scanning sources...
Finished scanning sources
INFO: [IP_Flow 19-234] Refreshing IP repositories
INFO: [IP_Flow 19-1704] No user IP repositories specified
INFO: [IP_Flow 19-2313] Loaded Vivado IP repository 'C:/Xilinx/Vivado/2020.2/data/ip'.
update_compile_order -fileset sources_1
exit
INFO: [Common 17-206] Exiting Vivado at Thu Sep 30 15:20:12 2021...
