#-----------------------------------------------------------
# Vivado v2020.2 (64-bit)
# SW Build 3064766 on Wed Nov 18 09:12:45 MST 2020
# IP Build 3064653 on Wed Nov 18 14:17:31 MST 2020
# Start of session at: Tue Sep 28 10:24:00 2021
# Process ID: 10060
# Current directory: D:/LogicDesignExperiment/LAB01_0923/share_repo/Lab1-Advanced/Lab1-Advanced
# Command line: vivado.exe -gui_launcher_event rodinguilauncherevent2900 D:\LogicDesignExperiment\LAB01_0923\share_repo\Lab1-Advanced\Lab1-Advanced\Lab1-Advanced.xpr
# Log file: D:/LogicDesignExperiment/LAB01_0923/share_repo/Lab1-Advanced/Lab1-Advanced/vivado.log
# Journal file: D:/LogicDesignExperiment/LAB01_0923/share_repo/Lab1-Advanced/Lab1-Advanced\vivado.jou
#-----------------------------------------------------------
start_gui
open_project D:/LogicDesignExperiment/LAB01_0923/share_repo/Lab1-Advanced/Lab1-Advanced/Lab1-Advanced.xpr
INFO: [Project 1-313] Project file moved from 'C:/home/github/LogicDesign/Lab1-Advanced/Lab1-Advanced' since last save.
WARNING: [filemgmt 56-2] Default IP Output Path : Could not find the directory 'D:/LogicDesignExperiment/LAB01_0923/share_repo/Lab1-Advanced/Lab1-Advanced/Lab1-Advanced.gen/sources_1', nor could it be found using path 'C:/home/github/LogicDesign/Lab1-Advanced/Lab1-Advanced/Lab1-Advanced.gen/sources_1'.
Scanning sources...
Finished scanning sources
INFO: [IP_Flow 19-234] Refreshing IP repositories
INFO: [IP_Flow 19-1704] No user IP repositories specified
INFO: [IP_Flow 19-2313] Loaded Vivado IP repository 'C:/Xilinx/Vivado/2020.2/data/ip'.
open_project: Time (s): cpu = 00:00:15 ; elapsed = 00:00:08 . Memory (MB): peak = 1007.766 ; gain = 0.000
update_compile_order -fileset sources_1
add_files -norecurse {D:/LogicDesignExperiment/LAB01_0923/share_repo/Lab1-Advanced/Lab1-Advanced/Lab1-Advanced.srcs/sim_1/new/crossbar4x4_tb.v D:/LogicDesignExperiment/LAB01_0923/share_repo/Lab1-Advanced/Lab1-Advanced/Lab1-Advanced.srcs/sources_1/new/4X4crossbar.v}
update_compile_order -fileset sources_1
exit
INFO: [Common 17-206] Exiting Vivado at Tue Sep 28 10:38:57 2021...
