#-----------------------------------------------------------
# Vivado v2020.2 (64-bit)
# SW Build 3064766 on Wed Nov 18 09:12:45 MST 2020
# IP Build 3064653 on Wed Nov 18 14:17:31 MST 2020
# Start of session at: Thu Sep 30 00:50:52 2021
# Process ID: 8856
# Current directory: C:/home/github/LogicDesign/Lab1-Advanced/Lab1-Advanced
# Command line: vivado.exe -gui_launcher_event rodinguilauncherevent6328 C:\home\github\LogicDesign\Lab1-Advanced\Lab1-Advanced\Lab1-Advanced.xpr
# Log file: C:/home/github/LogicDesign/Lab1-Advanced/Lab1-Advanced/vivado.log
# Journal file: C:/home/github/LogicDesign/Lab1-Advanced/Lab1-Advanced\vivado.jou
#-----------------------------------------------------------
start_gui
open_project C:/home/github/LogicDesign/Lab1-Advanced/Lab1-Advanced/Lab1-Advanced.xpr
INFO: [Project 1-313] Project file moved from 'D:/LogicDesignExperiment/LAB01_0923/share_repo/Lab1-Advanced/Lab1-Advanced' since last save.
WARNING: [filemgmt 56-2] Default IP Output Path : Could not find the directory 'C:/home/github/LogicDesign/Lab1-Advanced/Lab1-Advanced/Lab1-Advanced.gen/sources_1', nor could it be found using path 'D:/LogicDesignExperiment/LAB01_0923/share_repo/Lab1-Advanced/Lab1-Advanced/Lab1-Advanced.gen/sources_1'.
Scanning sources...
Finished scanning sources
INFO: [IP_Flow 19-234] Refreshing IP repositories
INFO: [IP_Flow 19-1704] No user IP repositories specified
INFO: [IP_Flow 19-2313] Loaded Vivado IP repository 'C:/Xilinx/Vivado/2020.2/data/ip'.
update_compile_order -fileset sources_1
set_property top crossbar4x4_tb [current_fileset]
update_compile_order -fileset sources_1
launch_simulation
Command: launch_simulation 
INFO: [Vivado 12-5682] Launching behavioral simulation in 'C:/home/github/LogicDesign/Lab1-Advanced/Lab1-Advanced/Lab1-Advanced.sim/sim_1/behav/xsim'
INFO: [SIM-utils-51] Simulation object is 'sim_1'
INFO: [SIM-utils-54] Inspecting design source files for 'crossbar4x4_tb' in fileset 'sim_1'...
INFO: [USF-XSim-97] Finding global include files...
INFO: [USF-XSim-98] Fetching design files from 'sim_1'...
INFO: [USF-XSim-2] XSim::Compile design
INFO: [USF-XSim-61] Executing 'COMPILE and ANALYZE' step in 'C:/home/github/LogicDesign/Lab1-Advanced/Lab1-Advanced/Lab1-Advanced.sim/sim_1/behav/xsim'
"xvlog --incr --relax -prj crossbar4x4_tb_vlog.prj"
INFO: [VRFC 10-2263] Analyzing Verilog file "C:/home/github/LogicDesign/Lab1-Advanced/Lab1-Advanced/Lab1-Advanced.srcs/sources_1/new/4X4crossbar.v" into library xil_defaultlib
INFO: [VRFC 10-311] analyzing module crossbar4x4
INFO: [VRFC 10-2263] Analyzing Verilog file "C:/home/github/LogicDesign/Lab1-Advanced/Lab1-Advanced/Lab1-Advanced.srcs/sources_1/new/crossbar.v" into library xil_defaultlib
INFO: [VRFC 10-311] analyzing module crossbar
INFO: [VRFC 10-311] analyzing module mux_2_1
INFO: [VRFC 10-311] analyzing module dmux_1_2
INFO: [VRFC 10-2263] Analyzing Verilog file "C:/home/github/LogicDesign/Lab1-Advanced/Lab1-Advanced/Lab1-Advanced.srcs/sim_1/new/crossbar4x4_tb.v" into library xil_defaultlib
INFO: [VRFC 10-311] analyzing module crossbar4x4_tb
WARNING: [VRFC 10-2292] extra semicolon is not allowed here in this dialect. Use SystemVerilog mode [C:/home/github/LogicDesign/Lab1-Advanced/Lab1-Advanced/Lab1-Advanced.srcs/sim_1/new/crossbar4x4_tb.v:50]
INFO: [VRFC 10-2263] Analyzing Verilog file "C:/home/github/LogicDesign/Lab1-Advanced/Lab1-Advanced/Lab1-Advanced.sim/sim_1/behav/xsim/glbl.v" into library xil_defaultlib
INFO: [VRFC 10-311] analyzing module glbl
INFO: [USF-XSim-69] 'compile' step finished in '2' seconds
INFO: [USF-XSim-3] XSim::Elaborate design
INFO: [USF-XSim-61] Executing 'ELABORATE' step in 'C:/home/github/LogicDesign/Lab1-Advanced/Lab1-Advanced/Lab1-Advanced.sim/sim_1/behav/xsim'
"xelab -wto 3c56b473357c41dab8815dbc9a27af66 --incr --debug typical --relax --mt 2 -L xil_defaultlib -L unisims_ver -L unimacro_ver -L secureip --snapshot crossbar4x4_tb_behav xil_defaultlib.crossbar4x4_tb xil_defaultlib.glbl -log elaborate.log"
Vivado Simulator 2020.2
Copyright 1986-1999, 2001-2020 Xilinx, Inc. All Rights Reserved.
Running: C:/Xilinx/Vivado/2020.2/bin/unwrapped/win64.o/xelab.exe -wto 3c56b473357c41dab8815dbc9a27af66 --incr --debug typical --relax --mt 2 -L xil_defaultlib -L unisims_ver -L unimacro_ver -L secureip --snapshot crossbar4x4_tb_behav xil_defaultlib.crossbar4x4_tb xil_defaultlib.glbl -log elaborate.log 
Using 2 slave threads.
Starting static elaboration
Pass Through NonSizing Optimizer
Completed static elaboration
Starting simulation data flow analysis
Completed simulation data flow analysis
Time Resolution for simulation is 1ps
Compiling module xil_defaultlib.dmux_1_2
Compiling module xil_defaultlib.mux_2_1
Compiling module xil_defaultlib.crossbar_default
Compiling module xil_defaultlib.crossbar4x4
Compiling module xil_defaultlib.crossbar4x4_tb
Compiling module xil_defaultlib.glbl
Built simulation snapshot crossbar4x4_tb_behav

****** Webtalk v2020.2 (64-bit)
  **** SW Build 3064766 on Wed Nov 18 09:12:45 MST 2020
  **** IP Build 3064653 on Wed Nov 18 14:17:31 MST 2020
    ** Copyright 1986-2020 Xilinx, Inc. All Rights Reserved.

source C:/home/github/LogicDesign/Lab1-Advanced/Lab1-Advanced/Lab1-Advanced.sim/sim_1/behav/xsim/xsim.dir/crossbar4x4_tb_behav/webtalk/xsim_webtalk.tcl -notrace
INFO: [Common 17-186] 'C:/home/github/LogicDesign/Lab1-Advanced/Lab1-Advanced/Lab1-Advanced.sim/sim_1/behav/xsim/xsim.dir/crossbar4x4_tb_behav/webtalk/usage_statistics_ext_xsim.xml' has been successfully sent to Xilinx on Thu Sep 30 00:51:42 2021. For additional details about this file, please refer to the WebTalk help file at C:/Xilinx/Vivado/2020.2/doc/webtalk_introduction.html.
webtalk_transmit: Time (s): cpu = 00:00:00 ; elapsed = 00:00:06 . Memory (MB): peak = 116.352 ; gain = 17.641
INFO: [Common 17-206] Exiting Webtalk at Thu Sep 30 00:51:42 2021...
run_program: Time (s): cpu = 00:00:01 ; elapsed = 00:00:09 . Memory (MB): peak = 1014.535 ; gain = 0.000
INFO: [USF-XSim-69] 'elaborate' step finished in '9' seconds
INFO: [USF-XSim-4] XSim::Simulate design
INFO: [USF-XSim-61] Executing 'SIMULATE' step in 'C:/home/github/LogicDesign/Lab1-Advanced/Lab1-Advanced/Lab1-Advanced.sim/sim_1/behav/xsim'
INFO: [USF-XSim-98] *** Running xsim
   with args "crossbar4x4_tb_behav -key {Behavioral:sim_1:Functional:crossbar4x4_tb} -tclbatch {crossbar4x4_tb.tcl} -log {simulate.log}"
INFO: [USF-XSim-8] Loading simulator feature
Vivado Simulator 2020.2
Time resolution is 1 ps
source crossbar4x4_tb.tcl
# set curr_wave [current_wave_config]
# if { [string length $curr_wave] == 0 } {
#   if { [llength [get_objects]] > 0} {
#     add_wave /
#     set_property needs_save false [current_wave_config]
#   } else {
#      send_msg_id Add_Wave-1 WARNING "No top level signals found. Simulator will start without a wave window. If you want to open a wave window go to 'File->New Waveform Configuration' or type 'create_wave_config' in the TCL console."
#   }
# }
# run 1000ns
$finish called at time : 33 ns : File "C:/home/github/LogicDesign/Lab1-Advanced/Lab1-Advanced/Lab1-Advanced.srcs/sim_1/new/crossbar4x4_tb.v" Line 49
INFO: [USF-XSim-96] XSim completed. Design snapshot 'crossbar4x4_tb_behav' loaded.
INFO: [USF-XSim-97] XSim simulation ran for 1000ns
launch_simulation: Time (s): cpu = 00:00:09 ; elapsed = 00:00:14 . Memory (MB): peak = 1014.535 ; gain = 0.000
close_sim
INFO: [Simtcl 6-16] Simulation closed
close_sim: Time (s): cpu = 00:00:02 ; elapsed = 00:00:06 . Memory (MB): peak = 1014.535 ; gain = 0.000
launch_simulation
Command: launch_simulation 
INFO: [Vivado 12-5682] Launching behavioral simulation in 'C:/home/github/LogicDesign/Lab1-Advanced/Lab1-Advanced/Lab1-Advanced.sim/sim_1/behav/xsim'
INFO: [SIM-utils-51] Simulation object is 'sim_1'
INFO: [SIM-utils-54] Inspecting design source files for 'crossbar4x4_tb' in fileset 'sim_1'...
INFO: [USF-XSim-97] Finding global include files...
INFO: [USF-XSim-98] Fetching design files from 'sim_1'...
INFO: [USF-XSim-2] XSim::Compile design
INFO: [USF-XSim-61] Executing 'COMPILE and ANALYZE' step in 'C:/home/github/LogicDesign/Lab1-Advanced/Lab1-Advanced/Lab1-Advanced.sim/sim_1/behav/xsim'
"xvlog --incr --relax -prj crossbar4x4_tb_vlog.prj"
INFO: [USF-XSim-69] 'compile' step finished in '1' seconds
INFO: [USF-XSim-3] XSim::Elaborate design
INFO: [USF-XSim-61] Executing 'ELABORATE' step in 'C:/home/github/LogicDesign/Lab1-Advanced/Lab1-Advanced/Lab1-Advanced.sim/sim_1/behav/xsim'
"xelab -wto 3c56b473357c41dab8815dbc9a27af66 --incr --debug typical --relax --mt 2 -L xil_defaultlib -L unisims_ver -L unimacro_ver -L secureip --snapshot crossbar4x4_tb_behav xil_defaultlib.crossbar4x4_tb xil_defaultlib.glbl -log elaborate.log"
Vivado Simulator 2020.2
Copyright 1986-1999, 2001-2020 Xilinx, Inc. All Rights Reserved.
Running: C:/Xilinx/Vivado/2020.2/bin/unwrapped/win64.o/xelab.exe -wto 3c56b473357c41dab8815dbc9a27af66 --incr --debug typical --relax --mt 2 -L xil_defaultlib -L unisims_ver -L unimacro_ver -L secureip --snapshot crossbar4x4_tb_behav xil_defaultlib.crossbar4x4_tb xil_defaultlib.glbl -log elaborate.log 
Using 2 slave threads.
Starting static elaboration
Pass Through NonSizing Optimizer
Completed static elaboration
INFO: [XSIM 43-4323] No Change in HDL. Linking previously generated obj files to create kernel
INFO: [USF-XSim-69] 'elaborate' step finished in '2' seconds
INFO: [USF-XSim-4] XSim::Simulate design
INFO: [USF-XSim-61] Executing 'SIMULATE' step in 'C:/home/github/LogicDesign/Lab1-Advanced/Lab1-Advanced/Lab1-Advanced.sim/sim_1/behav/xsim'
INFO: [USF-XSim-98] *** Running xsim
   with args "crossbar4x4_tb_behav -key {Behavioral:sim_1:Functional:crossbar4x4_tb} -tclbatch {crossbar4x4_tb.tcl} -log {simulate.log}"
INFO: [USF-XSim-8] Loading simulator feature
Vivado Simulator 2020.2
Time resolution is 1 ps
source crossbar4x4_tb.tcl
# set curr_wave [current_wave_config]
# if { [string length $curr_wave] == 0 } {
#   if { [llength [get_objects]] > 0} {
#     add_wave /
#     set_property needs_save false [current_wave_config]
#   } else {
#      send_msg_id Add_Wave-1 WARNING "No top level signals found. Simulator will start without a wave window. If you want to open a wave window go to 'File->New Waveform Configuration' or type 'create_wave_config' in the TCL console."
#   }
# }
# run 1000ns
$finish called at time : 33 ns : File "C:/home/github/LogicDesign/Lab1-Advanced/Lab1-Advanced/Lab1-Advanced.srcs/sim_1/new/crossbar4x4_tb.v" Line 49
INFO: [USF-XSim-96] XSim completed. Design snapshot 'crossbar4x4_tb_behav' loaded.
INFO: [USF-XSim-97] XSim simulation ran for 1000ns
set_property top crossbar_tb [get_filesets sim_1]
set_property top_lib xil_defaultlib [get_filesets sim_1]
update_compile_order -fileset sim_1
launch_simulation
Command: launch_simulation 
boost::filesystem::remove: The process cannot access the file because it is being used by another process: "C:/home/github/LogicDesign/Lab1-Advanced/Lab1-Advanced/Lab1-Advanced.sim/sim_1/behav/xsim/simulate.log"
close_sim
INFO: [Simtcl 6-16] Simulation closed
launch_simulation
Command: launch_simulation 
INFO: [Vivado 12-5682] Launching behavioral simulation in 'C:/home/github/LogicDesign/Lab1-Advanced/Lab1-Advanced/Lab1-Advanced.sim/sim_1/behav/xsim'
INFO: [SIM-utils-51] Simulation object is 'sim_1'
INFO: [SIM-utils-54] Inspecting design source files for 'crossbar_tb' in fileset 'sim_1'...
INFO: [USF-XSim-97] Finding global include files...
INFO: [USF-XSim-98] Fetching design files from 'sim_1'...
INFO: [USF-XSim-2] XSim::Compile design
INFO: [USF-XSim-61] Executing 'COMPILE and ANALYZE' step in 'C:/home/github/LogicDesign/Lab1-Advanced/Lab1-Advanced/Lab1-Advanced.sim/sim_1/behav/xsim'
"xvlog --incr --relax -prj crossbar_tb_vlog.prj"
INFO: [VRFC 10-2263] Analyzing Verilog file "C:/home/github/LogicDesign/Lab1-Advanced/Lab1-Advanced/Lab1-Advanced.srcs/sim_1/new/crossbar_tb.v" into library xil_defaultlib
INFO: [VRFC 10-311] analyzing module crossbar_tb
WARNING: [VRFC 10-2292] extra semicolon is not allowed here in this dialect. Use SystemVerilog mode [C:/home/github/LogicDesign/Lab1-Advanced/Lab1-Advanced/Lab1-Advanced.srcs/sim_1/new/crossbar_tb.v:43]
INFO: [USF-XSim-69] 'compile' step finished in '1' seconds
INFO: [USF-XSim-3] XSim::Elaborate design
INFO: [USF-XSim-61] Executing 'ELABORATE' step in 'C:/home/github/LogicDesign/Lab1-Advanced/Lab1-Advanced/Lab1-Advanced.sim/sim_1/behav/xsim'
"xelab -wto 3c56b473357c41dab8815dbc9a27af66 --incr --debug typical --relax --mt 2 -L xil_defaultlib -L unisims_ver -L unimacro_ver -L secureip --snapshot crossbar_tb_behav xil_defaultlib.crossbar_tb xil_defaultlib.glbl -log elaborate.log"
Vivado Simulator 2020.2
Copyright 1986-1999, 2001-2020 Xilinx, Inc. All Rights Reserved.
Running: C:/Xilinx/Vivado/2020.2/bin/unwrapped/win64.o/xelab.exe -wto 3c56b473357c41dab8815dbc9a27af66 --incr --debug typical --relax --mt 2 -L xil_defaultlib -L unisims_ver -L unimacro_ver -L secureip --snapshot crossbar_tb_behav xil_defaultlib.crossbar_tb xil_defaultlib.glbl -log elaborate.log 
Using 2 slave threads.
Starting static elaboration
Pass Through NonSizing Optimizer
Completed static elaboration
Starting simulation data flow analysis
Completed simulation data flow analysis
Time Resolution for simulation is 1ps
Compiling module xil_defaultlib.dmux_1_2
Compiling module xil_defaultlib.mux_2_1
Compiling module xil_defaultlib.crossbar_default
Compiling module xil_defaultlib.crossbar_tb
Compiling module xil_defaultlib.glbl
Built simulation snapshot crossbar_tb_behav

****** Webtalk v2020.2 (64-bit)
  **** SW Build 3064766 on Wed Nov 18 09:12:45 MST 2020
  **** IP Build 3064653 on Wed Nov 18 14:17:31 MST 2020
    ** Copyright 1986-2020 Xilinx, Inc. All Rights Reserved.

source C:/home/github/LogicDesign/Lab1-Advanced/Lab1-Advanced/Lab1-Advanced.sim/sim_1/behav/xsim/xsim.dir/crossbar_tb_behav/webtalk/xsim_webtalk.tcl -notrace
INFO: [Common 17-186] 'C:/home/github/LogicDesign/Lab1-Advanced/Lab1-Advanced/Lab1-Advanced.sim/sim_1/behav/xsim/xsim.dir/crossbar_tb_behav/webtalk/usage_statistics_ext_xsim.xml' has been successfully sent to Xilinx on Thu Sep 30 01:01:03 2021. For additional details about this file, please refer to the WebTalk help file at C:/Xilinx/Vivado/2020.2/doc/webtalk_introduction.html.
webtalk_transmit: Time (s): cpu = 00:00:00 ; elapsed = 00:00:08 . Memory (MB): peak = 116.328 ; gain = 17.559
INFO: [Common 17-206] Exiting Webtalk at Thu Sep 30 01:01:03 2021...
run_program: Time (s): cpu = 00:00:00 ; elapsed = 00:00:11 . Memory (MB): peak = 1014.535 ; gain = 0.000
INFO: [USF-XSim-69] 'elaborate' step finished in '11' seconds
INFO: [USF-XSim-4] XSim::Simulate design
INFO: [USF-XSim-61] Executing 'SIMULATE' step in 'C:/home/github/LogicDesign/Lab1-Advanced/Lab1-Advanced/Lab1-Advanced.sim/sim_1/behav/xsim'
INFO: [USF-XSim-98] *** Running xsim
   with args "crossbar_tb_behav -key {Behavioral:sim_1:Functional:crossbar_tb} -tclbatch {crossbar_tb.tcl} -log {simulate.log}"
INFO: [USF-XSim-8] Loading simulator feature
Vivado Simulator 2020.2
Time resolution is 1 ps
source crossbar_tb.tcl
# set curr_wave [current_wave_config]
# if { [string length $curr_wave] == 0 } {
#   if { [llength [get_objects]] > 0} {
#     add_wave /
#     set_property needs_save false [current_wave_config]
#   } else {
#      send_msg_id Add_Wave-1 WARNING "No top level signals found. Simulator will start without a wave window. If you want to open a wave window go to 'File->New Waveform Configuration' or type 'create_wave_config' in the TCL console."
#   }
# }
# run 1000ns
$finish called at time : 17 ns : File "C:/home/github/LogicDesign/Lab1-Advanced/Lab1-Advanced/Lab1-Advanced.srcs/sim_1/new/crossbar_tb.v" Line 42
INFO: [USF-XSim-96] XSim completed. Design snapshot 'crossbar_tb_behav' loaded.
INFO: [USF-XSim-97] XSim simulation ran for 1000ns
launch_simulation: Time (s): cpu = 00:00:04 ; elapsed = 00:00:14 . Memory (MB): peak = 1014.535 ; gain = 0.000
set_property top dmux_tb [get_filesets sim_1]
set_property top_lib xil_defaultlib [get_filesets sim_1]
update_compile_order -fileset sim_1
close_sim
INFO: [Simtcl 6-16] Simulation closed
close_sim: Time (s): cpu = 00:00:01 ; elapsed = 00:00:06 . Memory (MB): peak = 1014.535 ; gain = 0.000
launch_simulation
Command: launch_simulation 
INFO: [Vivado 12-5682] Launching behavioral simulation in 'C:/home/github/LogicDesign/Lab1-Advanced/Lab1-Advanced/Lab1-Advanced.sim/sim_1/behav/xsim'
INFO: [SIM-utils-51] Simulation object is 'sim_1'
INFO: [SIM-utils-54] Inspecting design source files for 'dmux_tb' in fileset 'sim_1'...
INFO: [USF-XSim-97] Finding global include files...
INFO: [USF-XSim-98] Fetching design files from 'sim_1'...
INFO: [USF-XSim-2] XSim::Compile design
INFO: [USF-XSim-61] Executing 'COMPILE and ANALYZE' step in 'C:/home/github/LogicDesign/Lab1-Advanced/Lab1-Advanced/Lab1-Advanced.sim/sim_1/behav/xsim'
"xvlog --incr --relax -prj dmux_tb_vlog.prj"
INFO: [VRFC 10-2263] Analyzing Verilog file "C:/home/github/LogicDesign/Lab1-Advanced/Lab1-Advanced/Lab1-Advanced.srcs/sources_1/new/dmux.v" into library xil_defaultlib
INFO: [VRFC 10-311] analyzing module dmux
INFO: [VRFC 10-311] analyzing module sdmux
INFO: [VRFC 10-2263] Analyzing Verilog file "C:/home/github/LogicDesign/Lab1-Advanced/Lab1-Advanced/Lab1-Advanced.srcs/sim_1/new/dmux_tb.v" into library xil_defaultlib
INFO: [VRFC 10-311] analyzing module dmux_tb
INFO: [USF-XSim-69] 'compile' step finished in '1' seconds
INFO: [USF-XSim-3] XSim::Elaborate design
INFO: [USF-XSim-61] Executing 'ELABORATE' step in 'C:/home/github/LogicDesign/Lab1-Advanced/Lab1-Advanced/Lab1-Advanced.sim/sim_1/behav/xsim'
"xelab -wto 3c56b473357c41dab8815dbc9a27af66 --incr --debug typical --relax --mt 2 -L xil_defaultlib -L unisims_ver -L unimacro_ver -L secureip --snapshot dmux_tb_behav xil_defaultlib.dmux_tb xil_defaultlib.glbl -log elaborate.log"
Vivado Simulator 2020.2
Copyright 1986-1999, 2001-2020 Xilinx, Inc. All Rights Reserved.
Running: C:/Xilinx/Vivado/2020.2/bin/unwrapped/win64.o/xelab.exe -wto 3c56b473357c41dab8815dbc9a27af66 --incr --debug typical --relax --mt 2 -L xil_defaultlib -L unisims_ver -L unimacro_ver -L secureip --snapshot dmux_tb_behav xil_defaultlib.dmux_tb xil_defaultlib.glbl -log elaborate.log 
Using 2 slave threads.
Starting static elaboration
Pass Through NonSizing Optimizer
Completed static elaboration
Starting simulation data flow analysis
Completed simulation data flow analysis
Time Resolution for simulation is 1ps
Compiling module xil_defaultlib.sdmux
Compiling module xil_defaultlib.dmux
Compiling module xil_defaultlib.dmux_tb
Compiling module xil_defaultlib.glbl
Built simulation snapshot dmux_tb_behav

****** Webtalk v2020.2 (64-bit)
  **** SW Build 3064766 on Wed Nov 18 09:12:45 MST 2020
  **** IP Build 3064653 on Wed Nov 18 14:17:31 MST 2020
    ** Copyright 1986-2020 Xilinx, Inc. All Rights Reserved.

source C:/home/github/LogicDesign/Lab1-Advanced/Lab1-Advanced/Lab1-Advanced.sim/sim_1/behav/xsim/xsim.dir/dmux_tb_behav/webtalk/xsim_webtalk.tcl -notrace
INFO: [Common 17-186] 'C:/home/github/LogicDesign/Lab1-Advanced/Lab1-Advanced/Lab1-Advanced.sim/sim_1/behav/xsim/xsim.dir/dmux_tb_behav/webtalk/usage_statistics_ext_xsim.xml' has been successfully sent to Xilinx on Thu Sep 30 01:03:54 2021. For additional details about this file, please refer to the WebTalk help file at C:/Xilinx/Vivado/2020.2/doc/webtalk_introduction.html.
INFO: [Common 17-206] Exiting Webtalk at Thu Sep 30 01:03:54 2021...
run_program: Time (s): cpu = 00:00:00 ; elapsed = 00:00:05 . Memory (MB): peak = 1014.535 ; gain = 0.000
INFO: [USF-XSim-69] 'elaborate' step finished in '6' seconds
INFO: [USF-XSim-4] XSim::Simulate design
INFO: [USF-XSim-61] Executing 'SIMULATE' step in 'C:/home/github/LogicDesign/Lab1-Advanced/Lab1-Advanced/Lab1-Advanced.sim/sim_1/behav/xsim'
INFO: [USF-XSim-98] *** Running xsim
   with args "dmux_tb_behav -key {Behavioral:sim_1:Functional:dmux_tb} -tclbatch {dmux_tb.tcl} -log {simulate.log}"
INFO: [USF-XSim-8] Loading simulator feature
Vivado Simulator 2020.2
Time resolution is 1 ps
source dmux_tb.tcl
# set curr_wave [current_wave_config]
# if { [string length $curr_wave] == 0 } {
#   if { [llength [get_objects]] > 0} {
#     add_wave /
#     set_property needs_save false [current_wave_config]
#   } else {
#      send_msg_id Add_Wave-1 WARNING "No top level signals found. Simulator will start without a wave window. If you want to open a wave window go to 'File->New Waveform Configuration' or type 'create_wave_config' in the TCL console."
#   }
# }
# run 1000ns
$finish called at time : 5 ns : File "C:/home/github/LogicDesign/Lab1-Advanced/Lab1-Advanced/Lab1-Advanced.srcs/sim_1/new/dmux_tb.v" Line 39
INFO: [USF-XSim-96] XSim completed. Design snapshot 'dmux_tb_behav' loaded.
INFO: [USF-XSim-97] XSim simulation ran for 1000ns
launch_simulation: Time (s): cpu = 00:00:03 ; elapsed = 00:00:09 . Memory (MB): peak = 1014.535 ; gain = 0.000
close_sim
INFO: [Simtcl 6-16] Simulation closed
close_sim: Time (s): cpu = 00:00:01 ; elapsed = 00:00:06 . Memory (MB): peak = 1014.535 ; gain = 0.000
launch_simulation
Command: launch_simulation 
INFO: [Vivado 12-5682] Launching behavioral simulation in 'C:/home/github/LogicDesign/Lab1-Advanced/Lab1-Advanced/Lab1-Advanced.sim/sim_1/behav/xsim'
INFO: [SIM-utils-51] Simulation object is 'sim_1'
INFO: [SIM-utils-54] Inspecting design source files for 'dmux_tb' in fileset 'sim_1'...
INFO: [USF-XSim-97] Finding global include files...
INFO: [USF-XSim-98] Fetching design files from 'sim_1'...
INFO: [USF-XSim-2] XSim::Compile design
INFO: [USF-XSim-61] Executing 'COMPILE and ANALYZE' step in 'C:/home/github/LogicDesign/Lab1-Advanced/Lab1-Advanced/Lab1-Advanced.sim/sim_1/behav/xsim'
"xvlog --incr --relax -prj dmux_tb_vlog.prj"
INFO: [USF-XSim-69] 'compile' step finished in '1' seconds
INFO: [USF-XSim-3] XSim::Elaborate design
INFO: [USF-XSim-61] Executing 'ELABORATE' step in 'C:/home/github/LogicDesign/Lab1-Advanced/Lab1-Advanced/Lab1-Advanced.sim/sim_1/behav/xsim'
"xelab -wto 3c56b473357c41dab8815dbc9a27af66 --incr --debug typical --relax --mt 2 -L xil_defaultlib -L unisims_ver -L unimacro_ver -L secureip --snapshot dmux_tb_behav xil_defaultlib.dmux_tb xil_defaultlib.glbl -log elaborate.log"
Vivado Simulator 2020.2
Copyright 1986-1999, 2001-2020 Xilinx, Inc. All Rights Reserved.
Running: C:/Xilinx/Vivado/2020.2/bin/unwrapped/win64.o/xelab.exe -wto 3c56b473357c41dab8815dbc9a27af66 --incr --debug typical --relax --mt 2 -L xil_defaultlib -L unisims_ver -L unimacro_ver -L secureip --snapshot dmux_tb_behav xil_defaultlib.dmux_tb xil_defaultlib.glbl -log elaborate.log 
Using 2 slave threads.
Starting static elaboration
Pass Through NonSizing Optimizer
Completed static elaboration
INFO: [XSIM 43-4323] No Change in HDL. Linking previously generated obj files to create kernel
INFO: [USF-XSim-69] 'elaborate' step finished in '1' seconds
INFO: [USF-XSim-4] XSim::Simulate design
INFO: [USF-XSim-61] Executing 'SIMULATE' step in 'C:/home/github/LogicDesign/Lab1-Advanced/Lab1-Advanced/Lab1-Advanced.sim/sim_1/behav/xsim'
INFO: [USF-XSim-98] *** Running xsim
   with args "dmux_tb_behav -key {Behavioral:sim_1:Functional:dmux_tb} -tclbatch {dmux_tb.tcl} -log {simulate.log}"
INFO: [USF-XSim-8] Loading simulator feature
Vivado Simulator 2020.2
Time resolution is 1 ps
source dmux_tb.tcl
# set curr_wave [current_wave_config]
# if { [string length $curr_wave] == 0 } {
#   if { [llength [get_objects]] > 0} {
#     add_wave /
#     set_property needs_save false [current_wave_config]
#   } else {
#      send_msg_id Add_Wave-1 WARNING "No top level signals found. Simulator will start without a wave window. If you want to open a wave window go to 'File->New Waveform Configuration' or type 'create_wave_config' in the TCL console."
#   }
# }
# run 1000ns
$finish called at time : 5 ns : File "C:/home/github/LogicDesign/Lab1-Advanced/Lab1-Advanced/Lab1-Advanced.srcs/sim_1/new/dmux_tb.v" Line 39
INFO: [USF-XSim-96] XSim completed. Design snapshot 'dmux_tb_behav' loaded.
INFO: [USF-XSim-97] XSim simulation ran for 1000ns
close_sim
INFO: [Simtcl 6-16] Simulation closed
exit
INFO: [Common 17-206] Exiting Vivado at Thu Sep 30 01:06:06 2021...
