#-----------------------------------------------------------
# Vivado v2020.2 (64-bit)
# SW Build 3064766 on Wed Nov 18 09:12:45 MST 2020
# IP Build 3064653 on Wed Nov 18 14:17:31 MST 2020
# Start of session at: Thu Oct 14 13:20:01 2021
# Process ID: 8312
# Current directory: C:/home/Lab2_Basic
# Command line: vivado.exe -gui_launcher_event rodinguilauncherevent7284 C:\home\Lab2_Basic\Lab2_Basic.xpr
# Log file: C:/home/Lab2_Basic/vivado.log
# Journal file: C:/home/Lab2_Basic\vivado.jou
#-----------------------------------------------------------
start_gui
open_project C:/home/Lab2_Basic/Lab2_Basic.xpr
WARNING: [filemgmt 56-3] Default IP Output Path : Could not find the directory 'C:/home/Lab2_Basic/Lab2_Basic.gen/sources_1'.
Scanning sources...
Finished scanning sources
INFO: [IP_Flow 19-234] Refreshing IP repositories
INFO: [IP_Flow 19-1704] No user IP repositories specified
INFO: [IP_Flow 19-2313] Loaded Vivado IP repository 'C:/Xilinx/Vivado/2020.2/data/ip'.
update_compile_order -fileset sources_1
exit
INFO: [Common 17-206] Exiting Vivado at Thu Oct 14 13:20:19 2021...
