#-----------------------------------------------------------
# Vivado v2020.2 (64-bit)
# SW Build 3064766 on Wed Nov 18 09:12:45 MST 2020
# IP Build 3064653 on Wed Nov 18 14:17:31 MST 2020
# Start of session at: Tue Oct 12 14:45:34 2021
# Process ID: 6664
# Current directory: C:/home/Lab2_Basic
# Command line: vivado.exe -gui_launcher_event rodinguilauncherevent4056 C:\home\Lab2_Basic\Lab2_Basic.xpr
# Log file: C:/home/Lab2_Basic/vivado.log
# Journal file: C:/home/Lab2_Basic\vivado.jou
#-----------------------------------------------------------
start_gui
open_project C:/home/Lab2_Basic/Lab2_Basic.xpr
WARNING: [filemgmt 56-3] Default IP Output Path : Could not find the directory 'C:/home/Lab2_Basic/Lab2_Basic.gen/sources_1'.
Scanning sources...
Finished scanning sources
INFO: [IP_Flow 19-234] Refreshing IP repositories
INFO: [IP_Flow 19-1704] No user IP repositories specified
INFO: [IP_Flow 19-2313] Loaded Vivado IP repository 'C:/Xilinx/Vivado/2020.2/data/ip'.
update_compile_order -fileset sources_1
set_property top NAND_Implement_t [get_filesets sim_1]
set_property top_lib xil_defaultlib [get_filesets sim_1]
launch_simulation
Command: launch_simulation 
INFO: [Vivado 12-5682] Launching behavioral simulation in 'C:/home/Lab2_Basic/Lab2_Basic.sim/sim_1/behav/xsim'
INFO: [SIM-utils-51] Simulation object is 'sim_1'
INFO: [SIM-utils-54] Inspecting design source files for 'NAND_Implement_t' in fileset 'sim_1'...
INFO: [USF-XSim-97] Finding global include files...
INFO: [USF-XSim-98] Fetching design files from 'sim_1'...
INFO: [USF-XSim-2] XSim::Compile design
INFO: [USF-XSim-61] Executing 'COMPILE and ANALYZE' step in 'C:/home/Lab2_Basic/Lab2_Basic.sim/sim_1/behav/xsim'
"xvlog --incr --relax -prj NAND_Implement_t_vlog.prj"
INFO: [VRFC 10-2263] Analyzing Verilog file "C:/Users/lawre/Downloads/Lab2_NAND_Implement.v" into library xil_defaultlib
INFO: [VRFC 10-311] analyzing module NAND_Implement
INFO: [VRFC 10-311] analyzing module AND
INFO: [VRFC 10-311] analyzing module OR
INFO: [VRFC 10-311] analyzing module XOR
INFO: [VRFC 10-2263] Analyzing Verilog file "C:/Users/lawre/Downloads/NAND_Implement_t.v" into library xil_defaultlib
INFO: [VRFC 10-311] analyzing module NAND_Implement_t
INFO: [USF-XSim-69] 'compile' step finished in '1' seconds
INFO: [USF-XSim-3] XSim::Elaborate design
INFO: [USF-XSim-61] Executing 'ELABORATE' step in 'C:/home/Lab2_Basic/Lab2_Basic.sim/sim_1/behav/xsim'
"xelab -wto 341b95f7bc724083ac51a3a573fae358 --incr --debug typical --relax --mt 2 -L xil_defaultlib -L unisims_ver -L unimacro_ver -L secureip --snapshot NAND_Implement_t_behav xil_defaultlib.NAND_Implement_t xil_defaultlib.glbl -log elaborate.log"
Vivado Simulator 2020.2
Copyright 1986-1999, 2001-2020 Xilinx, Inc. All Rights Reserved.
Running: C:/Xilinx/Vivado/2020.2/bin/unwrapped/win64.o/xelab.exe -wto 341b95f7bc724083ac51a3a573fae358 --incr --debug typical --relax --mt 2 -L xil_defaultlib -L unisims_ver -L unimacro_ver -L secureip --snapshot NAND_Implement_t_behav xil_defaultlib.NAND_Implement_t xil_defaultlib.glbl -log elaborate.log 
Using 2 slave threads.
Starting static elaboration
Pass Through NonSizing Optimizer
Completed static elaboration
Starting simulation data flow analysis
Completed simulation data flow analysis
Time Resolution for simulation is 1ps
Compiling module xil_defaultlib.NAND_Implement
Compiling module xil_defaultlib.NAND_Implement_t
Compiling module xil_defaultlib.glbl
Built simulation snapshot NAND_Implement_t_behav

****** Webtalk v2020.2 (64-bit)
  **** SW Build 3064766 on Wed Nov 18 09:12:45 MST 2020
  **** IP Build 3064653 on Wed Nov 18 14:17:31 MST 2020
    ** Copyright 1986-2020 Xilinx, Inc. All Rights Reserved.

source C:/home/Lab2_Basic/Lab2_Basic.sim/sim_1/behav/xsim/xsim.dir/NAND_Implement_t_behav/webtalk/xsim_webtalk.tcl -notrace
INFO: [Common 17-186] 'C:/home/Lab2_Basic/Lab2_Basic.sim/sim_1/behav/xsim/xsim.dir/NAND_Implement_t_behav/webtalk/usage_statistics_ext_xsim.xml' has been successfully sent to Xilinx on Tue Oct 12 19:40:00 2021. For additional details about this file, please refer to the WebTalk help file at C:/Xilinx/Vivado/2020.2/doc/webtalk_introduction.html.
INFO: [Common 17-206] Exiting Webtalk at Tue Oct 12 19:40:00 2021...
run_program: Time (s): cpu = 00:00:01 ; elapsed = 00:00:06 . Memory (MB): peak = 1018.270 ; gain = 0.000
INFO: [USF-XSim-69] 'elaborate' step finished in '6' seconds
INFO: [USF-XSim-4] XSim::Simulate design
INFO: [USF-XSim-61] Executing 'SIMULATE' step in 'C:/home/Lab2_Basic/Lab2_Basic.sim/sim_1/behav/xsim'
INFO: [USF-XSim-98] *** Running xsim
   with args "NAND_Implement_t_behav -key {Behavioral:sim_1:Functional:NAND_Implement_t} -tclbatch {NAND_Implement_t.tcl} -log {simulate.log}"
INFO: [USF-XSim-8] Loading simulator feature
Vivado Simulator 2020.2
Time resolution is 1 ps
source NAND_Implement_t.tcl
# set curr_wave [current_wave_config]
# if { [string length $curr_wave] == 0 } {
#   if { [llength [get_objects]] > 0} {
#     add_wave /
#     set_property needs_save false [current_wave_config]
#   } else {
#      send_msg_id Add_Wave-1 WARNING "No top level signals found. Simulator will start without a wave window. If you want to open a wave window go to 'File->New Waveform Configuration' or type 'create_wave_config' in the TCL console."
#   }
# }
# run 1000ns
$finish called at time : 33 ns : File "C:/Users/lawre/Downloads/NAND_Implement_t.v" Line 28
INFO: [USF-XSim-96] XSim completed. Design snapshot 'NAND_Implement_t_behav' loaded.
INFO: [USF-XSim-97] XSim simulation ran for 1000ns
launch_simulation: Time (s): cpu = 00:00:09 ; elapsed = 00:00:11 . Memory (MB): peak = 1018.270 ; gain = 0.000
close_sim
INFO: [Simtcl 6-16] Simulation closed
close_sim: Time (s): cpu = 00:00:01 ; elapsed = 00:00:06 . Memory (MB): peak = 1018.270 ; gain = 0.000
launch_simulation
Command: launch_simulation 
INFO: [Vivado 12-5682] Launching behavioral simulation in 'C:/home/Lab2_Basic/Lab2_Basic.sim/sim_1/behav/xsim'
INFO: [SIM-utils-51] Simulation object is 'sim_1'
INFO: [SIM-utils-54] Inspecting design source files for 'NAND_Implement_t' in fileset 'sim_1'...
INFO: [USF-XSim-97] Finding global include files...
INFO: [USF-XSim-98] Fetching design files from 'sim_1'...
INFO: [USF-XSim-2] XSim::Compile design
INFO: [USF-XSim-61] Executing 'COMPILE and ANALYZE' step in 'C:/home/Lab2_Basic/Lab2_Basic.sim/sim_1/behav/xsim'
"xvlog --incr --relax -prj NAND_Implement_t_vlog.prj"
INFO: [USF-XSim-69] 'compile' step finished in '1' seconds
INFO: [USF-XSim-3] XSim::Elaborate design
INFO: [USF-XSim-61] Executing 'ELABORATE' step in 'C:/home/Lab2_Basic/Lab2_Basic.sim/sim_1/behav/xsim'
"xelab -wto 341b95f7bc724083ac51a3a573fae358 --incr --debug typical --relax --mt 2 -L xil_defaultlib -L unisims_ver -L unimacro_ver -L secureip --snapshot NAND_Implement_t_behav xil_defaultlib.NAND_Implement_t xil_defaultlib.glbl -log elaborate.log"
Vivado Simulator 2020.2
Copyright 1986-1999, 2001-2020 Xilinx, Inc. All Rights Reserved.
Running: C:/Xilinx/Vivado/2020.2/bin/unwrapped/win64.o/xelab.exe -wto 341b95f7bc724083ac51a3a573fae358 --incr --debug typical --relax --mt 2 -L xil_defaultlib -L unisims_ver -L unimacro_ver -L secureip --snapshot NAND_Implement_t_behav xil_defaultlib.NAND_Implement_t xil_defaultlib.glbl -log elaborate.log 
Using 2 slave threads.
Starting static elaboration
Pass Through NonSizing Optimizer
Completed static elaboration
INFO: [XSIM 43-4323] No Change in HDL. Linking previously generated obj files to create kernel
INFO: [USF-XSim-69] 'elaborate' step finished in '1' seconds
INFO: [USF-XSim-4] XSim::Simulate design
INFO: [USF-XSim-61] Executing 'SIMULATE' step in 'C:/home/Lab2_Basic/Lab2_Basic.sim/sim_1/behav/xsim'
INFO: [USF-XSim-98] *** Running xsim
   with args "NAND_Implement_t_behav -key {Behavioral:sim_1:Functional:NAND_Implement_t} -tclbatch {NAND_Implement_t.tcl} -log {simulate.log}"
INFO: [USF-XSim-8] Loading simulator feature
Vivado Simulator 2020.2
Time resolution is 1 ps
source NAND_Implement_t.tcl
# set curr_wave [current_wave_config]
# if { [string length $curr_wave] == 0 } {
#   if { [llength [get_objects]] > 0} {
#     add_wave /
#     set_property needs_save false [current_wave_config]
#   } else {
#      send_msg_id Add_Wave-1 WARNING "No top level signals found. Simulator will start without a wave window. If you want to open a wave window go to 'File->New Waveform Configuration' or type 'create_wave_config' in the TCL console."
#   }
# }
# run 1000ns
$finish called at time : 33 ns : File "C:/Users/lawre/Downloads/NAND_Implement_t.v" Line 28
INFO: [USF-XSim-96] XSim completed. Design snapshot 'NAND_Implement_t_behav' loaded.
INFO: [USF-XSim-97] XSim simulation ran for 1000ns
close_sim
INFO: [Simtcl 6-16] Simulation closed
exit
INFO: [Common 17-206] Exiting Vivado at Tue Oct 12 22:38:30 2021...
