#-----------------------------------------------------------
# Vivado v2020.2 (64-bit)
# SW Build 3064766 on Wed Nov 18 09:12:45 MST 2020
# IP Build 3064653 on Wed Nov 18 14:17:31 MST 2020
# Start of session at: Fri Oct  8 22:05:49 2021
# Process ID: 3300
# Current directory: C:/home/Lab2_Basic
# Command line: vivado.exe -gui_launcher_event rodinguilauncherevent12112 C:\home\Lab2_Basic\Lab2_Basic.xpr
# Log file: C:/home/Lab2_Basic/vivado.log
# Journal file: C:/home/Lab2_Basic\vivado.jou
#-----------------------------------------------------------
start_gui
open_project C:/home/Lab2_Basic/Lab2_Basic.xpr
WARNING: [filemgmt 56-3] Default IP Output Path : Could not find the directory 'C:/home/Lab2_Basic/Lab2_Basic.gen/sources_1'.
Scanning sources...
Finished scanning sources
INFO: [IP_Flow 19-234] Refreshing IP repositories
INFO: [IP_Flow 19-1704] No user IP repositories specified
INFO: [IP_Flow 19-2313] Loaded Vivado IP repository 'C:/Xilinx/Vivado/2020.2/data/ip'.
open_project: Time (s): cpu = 00:00:10 ; elapsed = 00:00:06 . Memory (MB): peak = 1004.402 ; gain = 0.000
update_compile_order -fileset sources_1
