#-----------------------------------------------------------
# Vivado v2020.2 (64-bit)
# SW Build 3064766 on Wed Nov 18 09:12:45 MST 2020
# IP Build 3064653 on Wed Nov 18 14:17:31 MST 2020
# Start of session at: Thu Oct 14 18:39:53 2021
# Process ID: 6936
# Current directory: C:/home/github/LogicDesign/Lab2-Advanced/DECODE_EXECUTE
# Command line: vivado.exe -gui_launcher_event rodinguilauncherevent13668 C:\home\github\LogicDesign\Lab2-Advanced\DECODE_EXECUTE\DECODE_EXECUTE.xpr
# Log file: C:/home/github/LogicDesign/Lab2-Advanced/DECODE_EXECUTE/vivado.log
# Journal file: C:/home/github/LogicDesign/Lab2-Advanced/DECODE_EXECUTE\vivado.jou
#-----------------------------------------------------------
start_gui
open_project C:/home/github/LogicDesign/Lab2-Advanced/DECODE_EXECUTE/DECODE_EXECUTE.xpr
INFO: [Project 1-313] Project file moved from 'D:/LogicDesignExperiment/share_repo/Lab2-Advanced/DECODE_EXECUTE' since last save.
Scanning sources...
Finished scanning sources
INFO: [IP_Flow 19-234] Refreshing IP repositories
INFO: [IP_Flow 19-1704] No user IP repositories specified
INFO: [IP_Flow 19-2313] Loaded Vivado IP repository 'C:/Xilinx/Vivado/2020.2/data/ip'.
update_compile_order -fileset sources_1
exit
INFO: [Common 17-206] Exiting Vivado at Thu Oct 14 20:43:54 2021...
