#-----------------------------------------------------------
# Vivado v2020.2 (64-bit)
# SW Build 3064766 on Wed Nov 18 09:12:45 MST 2020
# IP Build 3064653 on Wed Nov 18 14:17:31 MST 2020
# Start of session at: Fri Oct 15 02:21:02 2021
# Process ID: 15312
# Current directory: D:/LogicDesignExperiment/LAB02_1007/EXHAUSTED_TB
# Command line: vivado.exe -gui_launcher_event rodinguilauncherevent1816 D:\LogicDesignExperiment\LAB02_1007\EXHAUSTED_TB\EXHAUSTED_TB.xpr
# Log file: D:/LogicDesignExperiment/LAB02_1007/EXHAUSTED_TB/vivado.log
# Journal file: D:/LogicDesignExperiment/LAB02_1007/EXHAUSTED_TB\vivado.jou
#-----------------------------------------------------------
start_gui
open_project D:/LogicDesignExperiment/LAB02_1007/EXHAUSTED_TB/EXHAUSTED_TB.xpr
WARNING: [filemgmt 56-3] Default IP Output Path : Could not find the directory 'D:/LogicDesignExperiment/LAB02_1007/EXHAUSTED_TB/EXHAUSTED_TB.gen/sources_1'.
Scanning sources...
Finished scanning sources
INFO: [IP_Flow 19-234] Refreshing IP repositories
INFO: [IP_Flow 19-1704] No user IP repositories specified
INFO: [IP_Flow 19-2313] Loaded Vivado IP repository 'C:/Xilinx/Vivado/2020.2/data/ip'.
update_compile_order -fileset sources_1
launch_simulation
Command: launch_simulation 
INFO: [Vivado 12-5682] Launching behavioral simulation in 'D:/LogicDesignExperiment/LAB02_1007/EXHAUSTED_TB/EXHAUSTED_TB.sim/sim_1/behav/xsim'
INFO: [SIM-utils-51] Simulation object is 'sim_1'
INFO: [SIM-utils-54] Inspecting design source files for 'Exhausted_Testing' in fileset 'sim_1'...
INFO: [USF-XSim-97] Finding global include files...
INFO: [USF-XSim-98] Fetching design files from 'sim_1'...
INFO: [USF-XSim-2] XSim::Compile design
INFO: [USF-XSim-61] Executing 'COMPILE and ANALYZE' step in 'D:/LogicDesignExperiment/LAB02_1007/EXHAUSTED_TB/EXHAUSTED_TB.sim/sim_1/behav/xsim'
"xvlog --incr --relax -prj Exhausted_Testing_vlog.prj"
INFO: [VRFC 10-2263] Analyzing Verilog file "D:/LogicDesignExperiment/LAB02_1007/EXHAUSTED_TB/Lab2_Adders.v" into library xil_defaultlib
INFO: [VRFC 10-311] analyzing module Full_Adder
INFO: [VRFC 10-311] analyzing module Half_Adder
INFO: [VRFC 10-2263] Analyzing Verilog file "D:/LogicDesignExperiment/LAB02_1007/EXHAUSTED_TB/Lab2_Majority.v" into library xil_defaultlib
INFO: [VRFC 10-311] analyzing module Majority
INFO: [VRFC 10-2263] Analyzing Verilog file "D:/LogicDesignExperiment/LAB02_1007/EXHAUSTED_TB/Lab2_NAND_Implement.v" into library xil_defaultlib
INFO: [VRFC 10-311] analyzing module NAND_Implement
INFO: [VRFC 10-311] analyzing module XNOR
INFO: [VRFC 10-311] analyzing module XOR
INFO: [VRFC 10-311] analyzing module NOR
INFO: [VRFC 10-311] analyzing module OR
INFO: [VRFC 10-311] analyzing module AND
INFO: [VRFC 10-311] analyzing module NOT
INFO: [VRFC 10-2263] Analyzing Verilog file "D:/LogicDesignExperiment/LAB02_1007/EXHAUSTED_TB/EXHAUSTED_TB.srcs/sources_1/new/Ripple_Carry_Adder.v" into library xil_defaultlib
INFO: [VRFC 10-311] analyzing module Ripple_Carry_Adder
INFO: [VRFC 10-2263] Analyzing Verilog file "D:/LogicDesignExperiment/LAB02_1007/EXHAUSTED_TB/Lab2_TeamX_Exhausted_Testing.v" into library xil_defaultlib
INFO: [VRFC 10-311] analyzing module Exhausted_Testing
INFO: [USF-XSim-69] 'compile' step finished in '2' seconds
INFO: [USF-XSim-3] XSim::Elaborate design
INFO: [USF-XSim-61] Executing 'ELABORATE' step in 'D:/LogicDesignExperiment/LAB02_1007/EXHAUSTED_TB/EXHAUSTED_TB.sim/sim_1/behav/xsim'
"xelab -wto c8ae51ec759440b6b82a34d859f18294 --incr --debug typical --relax --mt 2 -L xil_defaultlib -L unisims_ver -L unimacro_ver -L secureip --snapshot Exhausted_Testing_behav xil_defaultlib.Exhausted_Testing xil_defaultlib.glbl -log elaborate.log"
Vivado Simulator 2020.2
Copyright 1986-1999, 2001-2020 Xilinx, Inc. All Rights Reserved.
Running: C:/Xilinx/Vivado/2020.2/bin/unwrapped/win64.o/xelab.exe -wto c8ae51ec759440b6b82a34d859f18294 --incr --debug typical --relax --mt 2 -L xil_defaultlib -L unisims_ver -L unimacro_ver -L secureip --snapshot Exhausted_Testing_behav xil_defaultlib.Exhausted_Testing xil_defaultlib.glbl -log elaborate.log 
Using 2 slave threads.
Starting static elaboration
Pass Through NonSizing Optimizer
Completed static elaboration
Starting simulation data flow analysis
Completed simulation data flow analysis
Time Resolution for simulation is 1ps
Compiling module xil_defaultlib.NOT
Compiling module xil_defaultlib.AND
Compiling module xil_defaultlib.OR
Compiling module xil_defaultlib.XOR
Compiling module xil_defaultlib.Majority
Compiling module xil_defaultlib.Full_Adder
Compiling module xil_defaultlib.Ripple_Carry_Adder
Compiling module xil_defaultlib.Exhausted_Testing
Compiling module xil_defaultlib.glbl
Built simulation snapshot Exhausted_Testing_behav
INFO: [USF-XSim-69] 'elaborate' step finished in '1' seconds
INFO: [USF-XSim-4] XSim::Simulate design
INFO: [USF-XSim-61] Executing 'SIMULATE' step in 'D:/LogicDesignExperiment/LAB02_1007/EXHAUSTED_TB/EXHAUSTED_TB.sim/sim_1/behav/xsim'
INFO: [USF-XSim-98] *** Running xsim
   with args "Exhausted_Testing_behav -key {Behavioral:sim_1:Functional:Exhausted_Testing} -tclbatch {Exhausted_Testing.tcl} -log {simulate.log}"
INFO: [USF-XSim-8] Loading simulator feature
Vivado Simulator 2020.2
Time resolution is 1 ps
source Exhausted_Testing.tcl
# set curr_wave [current_wave_config]
# if { [string length $curr_wave] == 0 } {
#   if { [llength [get_objects]] > 0} {
#     add_wave /
#     set_property needs_save false [current_wave_config]
#   } else {
#      send_msg_id Add_Wave-1 WARNING "No top level signals found. Simulator will start without a wave window. If you want to open a wave window go to 'File->New Waveform Configuration' or type 'create_wave_config' in the TCL console."
#   }
# }
# run 3000
$finish called at time : 2571 ns : File "D:/LogicDesignExperiment/LAB02_1007/EXHAUSTED_TB/Lab2_TeamX_Exhausted_Testing.v" Line 113
INFO: [USF-XSim-96] XSim completed. Design snapshot 'Exhausted_Testing_behav' loaded.
INFO: [USF-XSim-97] XSim simulation ran for 3000
launch_simulation: Time (s): cpu = 00:00:10 ; elapsed = 00:00:07 . Memory (MB): peak = 1018.395 ; gain = 0.000
close_sim
INFO: [Simtcl 6-16] Simulation closed
exit
INFO: [Common 17-206] Exiting Vivado at Fri Oct 15 02:22:13 2021...
