#-----------------------------------------------------------
# Vivado v2020.2 (64-bit)
# SW Build 3064766 on Wed Nov 18 09:12:45 MST 2020
# IP Build 3064653 on Wed Nov 18 14:17:31 MST 2020
# Start of session at: Thu Nov 25 00:32:57 2021
# Process ID: 17132
# Current directory: D:/LogicDesignExperiment/share_repo/Lab5-Advanced/FPGA_Vending_Machine
# Command line: vivado.exe -gui_launcher_event rodinguilauncherevent14400 D:\LogicDesignExperiment\share_repo\Lab5-Advanced\FPGA_Vending_Machine\FPGA_Vending_Machine.xpr
# Log file: D:/LogicDesignExperiment/share_repo/Lab5-Advanced/FPGA_Vending_Machine/vivado.log
# Journal file: D:/LogicDesignExperiment/share_repo/Lab5-Advanced/FPGA_Vending_Machine\vivado.jou
#-----------------------------------------------------------
start_gui
open_project D:/LogicDesignExperiment/share_repo/Lab5-Advanced/FPGA_Vending_Machine/FPGA_Vending_Machine.xpr
INFO: [Project 1-313] Project file moved from 'C:/home/github/LogicDesign/Lab5-Advanced/FPGA_Vending_Machine' since last save.
CRITICAL WARNING: [Project 1-311] Could not find the file 'D:/../Users/lawre/Downloads/Keyboard Sample Code/Keyboard Sample Code/Keyboard Sample Code/KeyboardDecoder.v', nor could it be found using path 'C:/Users/lawre/Downloads/Keyboard Sample Code/Keyboard Sample Code/Keyboard Sample Code/KeyboardDecoder.v'.
CRITICAL WARNING: [Project 1-311] Could not find the file 'D:/../Users/lawre/Downloads/Keyboard Sample Code/Keyboard Sample Code/Keyboard Sample Code/OnePulse.v', nor could it be found using path 'C:/Users/lawre/Downloads/Keyboard Sample Code/Keyboard Sample Code/Keyboard Sample Code/OnePulse.v'.
CRITICAL WARNING: [Project 1-311] Could not find the file 'D:/../Users/lawre/Downloads/Keyboard Sample Code/Keyboard Sample Code/Keyboard Sample Code/KeyboardConstraints.xdc', nor could it be found using path 'C:/Users/lawre/Downloads/Keyboard Sample Code/Keyboard Sample Code/Keyboard Sample Code/KeyboardConstraints.xdc'.
Scanning sources...
Finished scanning sources
INFO: [IP_Flow 19-234] Refreshing IP repositories
INFO: [IP_Flow 19-1700] Loaded user IP repository 'd:/LogicDesignExperiment/share_repo/Lab5-Advanced/FPGA_Vending_Machine/ip'.
INFO: [IP_Flow 19-2313] Loaded Vivado IP repository 'C:/Xilinx/Vivado/2020.2/data/ip'.
update_compile_order -fileset sources_1
reset_run synth_1
launch_runs impl_1 -jobs 2
[Thu Nov 25 00:33:30 2021] Launched synth_1...
Run output will be captured here: D:/LogicDesignExperiment/share_repo/Lab5-Advanced/FPGA_Vending_Machine/FPGA_Vending_Machine.runs/synth_1/runme.log
[Thu Nov 25 00:33:31 2021] Launched impl_1...
Run output will be captured here: D:/LogicDesignExperiment/share_repo/Lab5-Advanced/FPGA_Vending_Machine/FPGA_Vending_Machine.runs/impl_1/runme.log
