#-----------------------------------------------------------
# Vivado v2020.2 (64-bit)
# SW Build 3064766 on Wed Nov 18 09:12:45 MST 2020
# IP Build 3064653 on Wed Nov 18 14:17:31 MST 2020
# Start of session at: Thu Jan 13 20:56:09 2022
# Process ID: 11848
# Current directory: D:/LogicDesignExperiment/share_repo/Final/STATE_CHANGE
# Command line: vivado.exe -gui_launcher_event rodinguilauncherevent14620 D:\LogicDesignExperiment\share_repo\Final\STATE_CHANGE\STATE_CHANGE.xpr
# Log file: D:/LogicDesignExperiment/share_repo/Final/STATE_CHANGE/vivado.log
# Journal file: D:/LogicDesignExperiment/share_repo/Final/STATE_CHANGE\vivado.jou
#-----------------------------------------------------------
start_gui
open_project D:/LogicDesignExperiment/share_repo/Final/STATE_CHANGE/STATE_CHANGE.xpr
INFO: [Project 1-313] Project file moved from 'D:/LogicDesignExperiment/final_project/STATE_CHANGE' since last save.
WARNING: [filemgmt 56-2] Default IP Output Path : Could not find the directory 'D:/LogicDesignExperiment/share_repo/Final/STATE_CHANGE/STATE_CHANGE.gen/sources_1', nor could it be found using path 'D:/LogicDesignExperiment/final_project/STATE_CHANGE/STATE_CHANGE.gen/sources_1'.
Scanning sources...
Finished scanning sources
INFO: [IP_Flow 19-234] Refreshing IP repositories
INFO: [IP_Flow 19-1704] No user IP repositories specified
INFO: [IP_Flow 19-2313] Loaded Vivado IP repository 'C:/Xilinx/Vivado/2020.2/data/ip'.
update_compile_order -fileset sources_1
exit
INFO: [Common 17-206] Exiting Vivado at Thu Jan 13 21:03:42 2022...
