#-----------------------------------------------------------
# Vivado v2020.2 (64-bit)
# SW Build 3064766 on Wed Nov 18 09:12:45 MST 2020
# IP Build 3064653 on Wed Nov 18 14:17:31 MST 2020
# Start of session at: Tue Oct 26 17:59:37 2021
# Process ID: 9484
# Current directory: C:/home/LogicDesign - Basic/Lab3
# Command line: vivado.exe -gui_launcher_event rodinguilauncherevent5632 C:\home\LogicDesign - Basic\Lab3\Lab3.xpr
# Log file: C:/home/LogicDesign - Basic/Lab3/vivado.log
# Journal file: C:/home/LogicDesign - Basic/Lab3\vivado.jou
#-----------------------------------------------------------
start_gui
open_project {C:/home/LogicDesign - Basic/Lab3/Lab3.xpr}
WARNING: [filemgmt 56-3] Default IP Output Path : Could not find the directory 'C:/home/LogicDesign - Basic/Lab3/Lab3.gen/sources_1'.
Scanning sources...
Finished scanning sources
INFO: [IP_Flow 19-234] Refreshing IP repositories
INFO: [IP_Flow 19-1704] No user IP repositories specified
INFO: [IP_Flow 19-2313] Loaded Vivado IP repository 'C:/Xilinx/Vivado/2020.2/data/ip'.
open_project: Time (s): cpu = 00:00:09 ; elapsed = 00:00:06 . Memory (MB): peak = 1006.660 ; gain = 0.000
update_compile_order -fileset sources_1
exit
INFO: [Common 17-206] Exiting Vivado at Wed Oct 27 13:31:57 2021...
